{"/Users/weichangbin/Desktop/D/github/vupload/app.js": {"path":"/Users/weichangbin/Desktop/D/github/vupload/app.js","statementMap":{"0":{"start":{"line":2,"column":15},"end":{"line":2,"column":33}},"1":{"start":{"line":2,"column":50},"end":{"line":2,"column":82}},"2":{"start":{"line":3,"column":12},"end":{"line":3,"column":27}},"3":{"start":{"line":3,"column":41},"end":{"line":3,"column":70}},"4":{"start":{"line":4,"column":18},"end":{"line":4,"column":40}},"5":{"start":{"line":4,"column":60},"end":{"line":4,"column":95}},"6":{"start":{"line":5,"column":11},"end":{"line":5,"column":25}},"7":{"start":{"line":5,"column":38},"end":{"line":5,"column":66}},"8":{"start":{"line":5,"column":105},"end":{"line":5,"column":159}},"9":{"start":{"line":8,"column":10},"end":{"line":8,"column":34}},"10":{"start":{"line":10,"column":0},"end":{"line":10,"column":44}},"11":{"start":{"line":11,"column":0},"end":{"line":11,"column":57}},"12":{"start":{"line":12,"column":0},"end":{"line":12,"column":31}},"13":{"start":{"line":14,"column":0},"end":{"line":14,"column":37}},"14":{"start":{"line":15,"column":0},"end":{"line":15,"column":62}},"15":{"start":{"line":17,"column":0},"end":{"line":17,"column":76}},"16":{"start":{"line":24,"column":0},"end":{"line":24,"column":21}}},"fnMap":{"0":{"name":"_interopRequireDefault","decl":{"start":{"line":5,"column":76},"end":{"line":5,"column":98}},"loc":{"start":{"line":5,"column":104},"end":{"line":5,"column":160}},"line":5}},"branchMap":{"0":{"loc":{"start":{"line":5,"column":112},"end":{"line":5,"column":158}},"type":"cond-expr","locations":[{"start":{"line":5,"column":136},"end":{"line":5,"column":139}},{"start":{"line":5,"column":142},"end":{"line":5,"column":158}}],"line":5},"1":{"loc":{"start":{"line":5,"column":112},"end":{"line":5,"column":133}},"type":"binary-expr","locations":[{"start":{"line":5,"column":112},"end":{"line":5,"column":115}},{"start":{"line":5,"column":119},"end":{"line":5,"column":133}}],"line":5}},"s":{"0":0,"1":0,"2":0,"3":0,"4":0,"5":0,"6":0,"7":0,"8":0,"9":0,"10":0,"11":0,"12":0,"13":0,"14":0,"15":0,"16":0},"f":{"0":0},"b":{"0":[0,0],"1":[0,0]}}
,"/Users/weichangbin/Desktop/D/github/vupload/webpack.dev.conf.js": {"path":"/Users/weichangbin/Desktop/D/github/vupload/webpack.dev.conf.js","statementMap":{"0":{"start":{"line":1,"column":24},"end":{"line":1,"column":39}},"1":{"start":{"line":2,"column":9},"end":{"line":2,"column":22}},"2":{"start":{"line":3,"column":14},"end":{"line":3,"column":32}},"3":{"start":{"line":4,"column":0},"end":{"line":4,"column":51}},"4":{"start":{"line":5,"column":0},"end":{"line":70,"column":81}}},"fnMap":{},"branchMap":{},"s":{"0":0,"1":0,"2":0,"3":0,"4":0},"f":{},"b":{}}
,"/Users/weichangbin/Desktop/D/github/vupload/webpack.prod.conf.js": {"path":"/Users/weichangbin/Desktop/D/github/vupload/webpack.prod.conf.js","statementMap":{"0":{"start":{"line":1,"column":24},"end":{"line":1,"column":39}},"1":{"start":{"line":2,"column":9},"end":{"line":2,"column":22}},"2":{"start":{"line":3,"column":14},"end":{"line":3,"column":32}},"3":{"start":{"line":5,"column":0},"end":{"line":93,"column":81}},"4":{"start":{"line":38,"column":6},"end":{"line":43,"column":11}}},"fnMap":{"0":{"name":"minChunks","decl":{"start":{"line":35,"column":24},"end":{"line":35,"column":33}},"loc":{"start":{"line":35,"column":49},"end":{"line":45,"column":5}},"line":35}},"branchMap":{"0":{"loc":{"start":{"line":39,"column":8},"end":{"line":43,"column":9}},"type":"binary-expr","locations":[{"start":{"line":39,"column":8},"end":{"line":39,"column":23}},{"start":{"line":40,"column":8},"end":{"line":40,"column":37}},{"start":{"line":41,"column":8},"end":{"line":43,"column":9}}],"line":39}},"s":{"0":0,"1":0,"2":0,"3":0,"4":0},"f":{"0":0},"b":{"0":[0,0,0]}}
,"/Users/weichangbin/Desktop/D/github/vupload/bin/build.js": {"path":"/Users/weichangbin/Desktop/D/github/vupload/bin/build.js","statementMap":{"0":{"start":{"line":1,"column":27},"end":{"line":1,"column":45}},"1":{"start":{"line":2,"column":13},"end":{"line":2,"column":44}},"2":{"start":{"line":4,"column":0},"end":{"line":6,"column":3}},"3":{"start":{"line":5,"column":2},"end":{"line":5,"column":21}},"4":{"start":{"line":5,"column":11},"end":{"line":5,"column":21}}},"fnMap":{"0":{"name":"(anonymous_0)","decl":{"start":{"line":4,"column":16},"end":{"line":4,"column":17}},"loc":{"start":{"line":4,"column":38},"end":{"line":6,"column":1}},"line":4}},"branchMap":{"0":{"loc":{"start":{"line":5,"column":2},"end":{"line":5,"column":21}},"type":"if","locations":[{"start":{"line":5,"column":2},"end":{"line":5,"column":21}},{"start":{"line":5,"column":2},"end":{"line":5,"column":21}}],"line":5}},"s":{"0":0,"1":0,"2":0,"3":0,"4":0},"f":{"0":0},"b":{"0":[0,0]}}
,"/Users/weichangbin/Desktop/D/github/vupload/bin/dev.js": {"path":"/Users/weichangbin/Desktop/D/github/vupload/bin/dev.js","statementMap":{"0":{"start":{"line":1,"column":13},"end":{"line":1,"column":39}},"1":{"start":{"line":2,"column":0},"end":{"line":2,"column":26}},"2":{"start":{"line":3,"column":0},"end":{"line":3,"column":20}},"3":{"start":{"line":5,"column":14},"end":{"line":5,"column":32}},"4":{"start":{"line":6,"column":27},"end":{"line":6,"column":60}},"5":{"start":{"line":7,"column":27},"end":{"line":7,"column":60}},"6":{"start":{"line":8,"column":13},"end":{"line":8,"column":43}},"7":{"start":{"line":10,"column":10},"end":{"line":10,"column":27}},"8":{"start":{"line":12,"column":15},"end":{"line":12,"column":30}},"9":{"start":{"line":14,"column":19},"end":{"line":20,"column":16}},"10":{"start":{"line":23,"column":0},"end":{"line":23,"column":54}},"11":{"start":{"line":24,"column":0},"end":{"line":24,"column":40}},"12":{"start":{"line":26,"column":0},"end":{"line":28,"column":3}},"13":{"start":{"line":27,"column":2},"end":{"line":27,"column":41}}},"fnMap":{"0":{"name":"(anonymous_0)","decl":{"start":{"line":26,"column":13},"end":{"line":26,"column":14}},"loc":{"start":{"line":26,"column":33},"end":{"line":28,"column":1}},"line":26}},"branchMap":{},"s":{"0":0,"1":0,"2":0,"3":0,"4":0,"5":0,"6":0,"7":0,"8":0,"9":0,"10":0,"11":0,"12":0,"13":0},"f":{"0":0},"b":{}}
,"/Users/weichangbin/Desktop/D/github/vupload/bin/server.js": {"path":"/Users/weichangbin/Desktop/D/github/vupload/bin/server.js","statementMap":{"0":{"start":{"line":3,"column":10},"end":{"line":3,"column":27}},"1":{"start":{"line":4,"column":12},"end":{"line":4,"column":28}},"2":{"start":{"line":5,"column":11},"end":{"line":5,"column":26}},"3":{"start":{"line":8,"column":11},"end":{"line":8,"column":52}},"4":{"start":{"line":9,"column":0},"end":{"line":9,"column":22}},"5":{"start":{"line":15,"column":13},"end":{"line":15,"column":35}},"6":{"start":{"line":21,"column":0},"end":{"line":21,"column":20}},"7":{"start":{"line":22,"column":0},"end":{"line":22,"column":28}},"8":{"start":{"line":23,"column":0},"end":{"line":23,"column":36}},"9":{"start":{"line":30,"column":13},"end":{"line":30,"column":30}},"10":{"start":{"line":32,"column":2},"end":{"line":35,"column":3}},"11":{"start":{"line":34,"column":4},"end":{"line":34,"column":15}},"12":{"start":{"line":37,"column":2},"end":{"line":40,"column":3}},"13":{"start":{"line":39,"column":4},"end":{"line":39,"column":16}},"14":{"start":{"line":42,"column":2},"end":{"line":42,"column":15}},"15":{"start":{"line":50,"column":2},"end":{"line":52,"column":3}},"16":{"start":{"line":51,"column":4},"end":{"line":51,"column":16}},"17":{"start":{"line":54,"column":13},"end":{"line":56,"column":16}},"18":{"start":{"line":59,"column":2},"end":{"line":69,"column":19}},"19":{"start":{"line":61,"column":6},"end":{"line":61,"column":60}},"20":{"start":{"line":62,"column":6},"end":{"line":62,"column":22}},"21":{"start":{"line":63,"column":6},"end":{"line":63,"column":12}},"22":{"start":{"line":65,"column":6},"end":{"line":65,"column":49}},"23":{"start":{"line":66,"column":6},"end":{"line":66,"column":22}},"24":{"start":{"line":67,"column":6},"end":{"line":67,"column":12}},"25":{"start":{"line":69,"column":6},"end":{"line":69,"column":18}},"26":{"start":{"line":78,"column":13},"end":{"line":78,"column":29}},"27":{"start":{"line":79,"column":13},"end":{"line":81,"column":21}},"28":{"start":{"line":82,"column":2},"end":{"line":82,"column":47}},"29":{"start":{"line":83,"column":2},"end":{"line":83,"column":42}}},"fnMap":{"0":{"name":"normalizePort","decl":{"start":{"line":29,"column":9},"end":{"line":29,"column":22}},"loc":{"start":{"line":29,"column":28},"end":{"line":43,"column":1}},"line":29},"1":{"name":"onError","decl":{"start":{"line":49,"column":9},"end":{"line":49,"column":16}},"loc":{"start":{"line":49,"column":24},"end":{"line":71,"column":1}},"line":49},"2":{"name":"onListening","decl":{"start":{"line":77,"column":9},"end":{"line":77,"column":20}},"loc":{"start":{"line":77,"column":23},"end":{"line":84,"column":1}},"line":77}},"branchMap":{"0":{"loc":{"start":{"line":8,"column":25},"end":{"line":8,"column":51}},"type":"binary-expr","locations":[{"start":{"line":8,"column":25},"end":{"line":8,"column":41}},{"start":{"line":8,"column":45},"end":{"line":8,"column":51}}],"line":8},"1":{"loc":{"start":{"line":32,"column":2},"end":{"line":35,"column":3}},"type":"if","locations":[{"start":{"line":32,"column":2},"end":{"line":35,"column":3}},{"start":{"line":32,"column":2},"end":{"line":35,"column":3}}],"line":32},"2":{"loc":{"start":{"line":37,"column":2},"end":{"line":40,"column":3}},"type":"if","locations":[{"start":{"line":37,"column":2},"end":{"line":40,"column":3}},{"start":{"line":37,"column":2},"end":{"line":40,"column":3}}],"line":37},"3":{"loc":{"start":{"line":50,"column":2},"end":{"line":52,"column":3}},"type":"if","locations":[{"start":{"line":50,"column":2},"end":{"line":52,"column":3}},{"start":{"line":50,"column":2},"end":{"line":52,"column":3}}],"line":50},"4":{"loc":{"start":{"line":54,"column":13},"end":{"line":56,"column":16}},"type":"cond-expr","locations":[{"start":{"line":55,"column":2},"end":{"line":55,"column":16}},{"start":{"line":56,"column":2},"end":{"line":56,"column":16}}],"line":54},"5":{"loc":{"start":{"line":59,"column":2},"end":{"line":69,"column":19}},"type":"switch","locations":[{"start":{"line":60,"column":4},"end":{"line":63,"column":12}},{"start":{"line":64,"column":4},"end":{"line":67,"column":12}},{"start":{"line":68,"column":4},"end":{"line":69,"column":18}}],"line":59},"6":{"loc":{"start":{"line":79,"column":13},"end":{"line":81,"column":21}},"type":"cond-expr","locations":[{"start":{"line":80,"column":2},"end":{"line":80,"column":16}},{"start":{"line":81,"column":2},"end":{"line":81,"column":21}}],"line":79}},"s":{"0":0,"1":0,"2":0,"3":0,"4":0,"5":0,"6":0,"7":0,"8":0,"9":0,"10":0,"11":0,"12":0,"13":0,"14":0,"15":0,"16":0,"17":0,"18":0,"19":0,"20":0,"21":0,"22":0,"23":0,"24":0,"25":0,"26":0,"27":0,"28":0,"29":0},"f":{"0":0,"1":0,"2":0},"b":{"0":[0,0],"1":[0,0],"2":[0,0],"3":[0,0],"4":[0,0],"5":[0,0,0],"6":[0,0]}}
,"/Users/weichangbin/Desktop/D/github/vupload/coverage/lcov-report/prettify.js": {"path":"/Users/weichangbin/Desktop/D/github/vupload/coverage/lcov-report/prettify.js","statementMap":{"0":{"start":{"line":1,"column":13},"end":{"line":1,"column":54}},"1":{"start":{"line":1,"column":54},"end":{"line":1,"column":17735}},"2":{"start":{"line":1,"column":76},"end":{"line":1,"column":122}},"3":{"start":{"line":1,"column":131},"end":{"line":1,"column":292}},"4":{"start":{"line":1,"column":301},"end":{"line":1,"column":404}},"5":{"start":{"line":1,"column":413},"end":{"line":1,"column":672}},"6":{"start":{"line":1,"column":681},"end":{"line":1,"column":825}},"7":{"start":{"line":1,"column":834},"end":{"line":1,"column":1103}},"8":{"start":{"line":1,"column":1112},"end":{"line":1,"column":1270}},"9":{"start":{"line":1,"column":1279},"end":{"line":1,"column":1360}},"10":{"start":{"line":1,"column":1369},"end":{"line":1,"column":1545}},"11":{"start":{"line":1,"column":1554},"end":{"line":1,"column":1709}},"12":{"start":{"line":1,"column":1718},"end":{"line":1,"column":1891}},"13":{"start":{"line":1,"column":1900},"end":{"line":1,"column":1967}},"14":{"start":{"line":1,"column":1976},"end":{"line":1,"column":1998}},"15":{"start":{"line":1,"column":2007},"end":{"line":1,"column":2119}},"16":{"start":{"line":1,"column":2128},"end":{"line":1,"column":2133}},"17":{"start":{"line":1,"column":2142},"end":{"line":1,"column":2147}},"18":{"start":{"line":1,"column":2156},"end":{"line":1,"column":2161}},"19":{"start":{"line":1,"column":2170},"end":{"line":1,"column":2175}},"20":{"start":{"line":1,"column":2184},"end":{"line":1,"column":2189}},"21":{"start":{"line":1,"column":2198},"end":{"line":1,"column":2203}},"22":{"start":{"line":1,"column":2212},"end":{"line":1,"column":2217}},"23":{"start":{"line":1,"column":2226},"end":{"line":1,"column":2231}},"24":{"start":{"line":1,"column":2240},"end":{"line":1,"column":2245}},"25":{"start":{"line":1,"column":2254},"end":{"line":1,"column":2259}},"26":{"start":{"line":1,"column":2268},"end":{"line":1,"column":2273}},"27":{"start":{"line":1,"column":2282},"end":{"line":1,"column":2287}},"28":{"start":{"line":1,"column":2296},"end":{"line":1,"column":2304}},"29":{"start":{"line":1,"column":2313},"end":{"line":1,"column":2612}},"30":{"start":{"line":1,"column":2637},"end":{"line":1,"column":2638}},"31":{"start":{"line":1,"column":2647},"end":{"line":1,"column":2652}},"32":{"start":{"line":1,"column":2662},"end":{"line":1,"column":2667}},"33":{"start":{"line":1,"column":2668},"end":{"line":1,"column":2878}},"34":{"start":{"line":1,"column":2720},"end":{"line":1,"column":2724}},"35":{"start":{"line":1,"column":2725},"end":{"line":1,"column":2877}},"36":{"start":{"line":1,"column":2745},"end":{"line":1,"column":2755}},"37":{"start":{"line":1,"column":2763},"end":{"line":1,"column":2876}},"38":{"start":{"line":1,"column":2849},"end":{"line":1,"column":2858}},"39":{"start":{"line":1,"column":2858},"end":{"line":1,"column":2869}},"40":{"start":{"line":1,"column":2869},"end":{"line":1,"column":2875}},"41":{"start":{"line":1,"column":2886},"end":{"line":1,"column":2928}},"42":{"start":{"line":1,"column":2955},"end":{"line":1,"column":2971}},"43":{"start":{"line":1,"column":2972},"end":{"line":1,"column":2999}},"44":{"start":{"line":1,"column":2988},"end":{"line":1,"column":2998}},"45":{"start":{"line":1,"column":3008},"end":{"line":1,"column":3020}},"46":{"start":{"line":1,"column":3021},"end":{"line":1,"column":3032}},"47":{"start":{"line":1,"column":3032},"end":{"line":1,"column":3235}},"48":{"start":{"line":1,"column":3041},"end":{"line":1,"column":3051}},"49":{"start":{"line":1,"column":3059},"end":{"line":1,"column":3234}},"50":{"start":{"line":1,"column":3088},"end":{"line":1,"column":3124}},"51":{"start":{"line":1,"column":3132},"end":{"line":1,"column":3233}},"52":{"start":{"line":1,"column":3163},"end":{"line":1,"column":3200}},"53":{"start":{"line":1,"column":3208},"end":{"line":1,"column":3232}},"54":{"start":{"line":1,"column":3252},"end":{"line":1,"column":3319}},"55":{"start":{"line":1,"column":3266},"end":{"line":1,"column":3318}},"56":{"start":{"line":1,"column":3328},"end":{"line":1,"column":3351}},"57":{"start":{"line":1,"column":3352},"end":{"line":1,"column":3428}},"58":{"start":{"line":1,"column":3412},"end":{"line":1,"column":3427}},"59":{"start":{"line":1,"column":3428},"end":{"line":1,"column":3438}},"60":{"start":{"line":1,"column":3464},"end":{"line":1,"column":3619}},"61":{"start":{"line":1,"column":3629},"end":{"line":1,"column":3631}},"62":{"start":{"line":1,"column":3641},"end":{"line":1,"column":3643}},"63":{"start":{"line":1,"column":3653},"end":{"line":1,"column":3666}},"64":{"start":{"line":1,"column":3667},"end":{"line":1,"column":4120}},"65":{"start":{"line":1,"column":3734},"end":{"line":1,"column":3740}},"66":{"start":{"line":1,"column":3741},"end":{"line":1,"column":4119}},"67":{"start":{"line":1,"column":3768},"end":{"line":1,"column":3780}},"68":{"start":{"line":1,"column":3797},"end":{"line":1,"column":3803}},"69":{"start":{"line":1,"column":3811},"end":{"line":1,"column":3896}},"70":{"start":{"line":1,"column":3851},"end":{"line":1,"column":3871}},"71":{"start":{"line":1,"column":3871},"end":{"line":1,"column":3879}},"72":{"start":{"line":1,"column":3887},"end":{"line":1,"column":3895}},"73":{"start":{"line":1,"column":3896},"end":{"line":1,"column":3914}},"74":{"start":{"line":1,"column":3914},"end":{"line":1,"column":4118}},"75":{"start":{"line":1,"column":3943},"end":{"line":1,"column":4028}},"76":{"start":{"line":1,"column":3971},"end":{"line":1,"column":4027}},"77":{"start":{"line":1,"column":4028},"end":{"line":1,"column":4117}},"78":{"start":{"line":1,"column":4057},"end":{"line":1,"column":4116}},"79":{"start":{"line":1,"column":4120},"end":{"line":1,"column":4188}},"80":{"start":{"line":1,"column":4147},"end":{"line":1,"column":4185}},"81":{"start":{"line":1,"column":4197},"end":{"line":1,"column":4199}},"82":{"start":{"line":1,"column":4209},"end":{"line":1,"column":4219}},"83":{"start":{"line":1,"column":4220},"end":{"line":1,"column":4359}},"84":{"start":{"line":1,"column":4269},"end":{"line":1,"column":4275}},"85":{"start":{"line":1,"column":4276},"end":{"line":1,"column":4358}},"86":{"start":{"line":1,"column":4301},"end":{"line":1,"column":4332}},"87":{"start":{"line":1,"column":4340},"end":{"line":1,"column":4357}},"88":{"start":{"line":1,"column":4368},"end":{"line":1,"column":4373}},"89":{"start":{"line":1,"column":4374},"end":{"line":1,"column":4397}},"90":{"start":{"line":1,"column":4383},"end":{"line":1,"column":4396}},"91":{"start":{"line":1,"column":4397},"end":{"line":1,"column":4419}},"92":{"start":{"line":1,"column":4419},"end":{"line":1,"column":4571}},"93":{"start":{"line":1,"column":4468},"end":{"line":1,"column":4474}},"94":{"start":{"line":1,"column":4475},"end":{"line":1,"column":4493}},"95":{"start":{"line":1,"column":4493},"end":{"line":1,"column":4570}},"96":{"start":{"line":1,"column":4513},"end":{"line":1,"column":4551}},"97":{"start":{"line":1,"column":4537},"end":{"line":1,"column":4550}},"98":{"start":{"line":1,"column":4551},"end":{"line":1,"column":4569}},"99":{"start":{"line":1,"column":4571},"end":{"line":1,"column":4584}},"100":{"start":{"line":1,"column":4584},"end":{"line":1,"column":4603}},"101":{"start":{"line":1,"column":4629},"end":{"line":1,"column":4818}},"102":{"start":{"line":1,"column":4828},"end":{"line":1,"column":4837}},"103":{"start":{"line":1,"column":4847},"end":{"line":1,"column":4849}},"104":{"start":{"line":1,"column":4850},"end":{"line":1,"column":5028}},"105":{"start":{"line":1,"column":4900},"end":{"line":1,"column":4906}},"106":{"start":{"line":1,"column":4907},"end":{"line":1,"column":5027}},"107":{"start":{"line":1,"column":4924},"end":{"line":1,"column":4929}},"108":{"start":{"line":1,"column":4937},"end":{"line":1,"column":5026}},"109":{"start":{"line":1,"column":4974},"end":{"line":1,"column":4990}},"110":{"start":{"line":1,"column":4991},"end":{"line":1,"column":5025}},"111":{"start":{"line":1,"column":5012},"end":{"line":1,"column":5024}},"112":{"start":{"line":1,"column":5028},"end":{"line":1,"column":5104}},"113":{"start":{"line":1,"column":5068},"end":{"line":1,"column":5103}},"114":{"start":{"line":1,"column":5088},"end":{"line":1,"column":5102}},"115":{"start":{"line":1,"column":5104},"end":{"line":1,"column":5336}},"116":{"start":{"line":1,"column":5154},"end":{"line":1,"column":5160}},"117":{"start":{"line":1,"column":5161},"end":{"line":1,"column":5335}},"118":{"start":{"line":1,"column":5178},"end":{"line":1,"column":5183}},"119":{"start":{"line":1,"column":5183},"end":{"line":1,"column":5226}},"120":{"start":{"line":1,"column":5210},"end":{"line":1,"column":5225}},"121":{"start":{"line":1,"column":5234},"end":{"line":1,"column":5334}},"122":{"start":{"line":1,"column":5271},"end":{"line":1,"column":5287}},"123":{"start":{"line":1,"column":5288},"end":{"line":1,"column":5333}},"124":{"start":{"line":1,"column":5309},"end":{"line":1,"column":5332}},"125":{"start":{"line":1,"column":5336},"end":{"line":1,"column":5434}},"126":{"start":{"line":1,"column":5377},"end":{"line":1,"column":5433}},"127":{"start":{"line":1,"column":5420},"end":{"line":1,"column":5432}},"128":{"start":{"line":1,"column":5434},"end":{"line":1,"column":5745}},"129":{"start":{"line":1,"column":5459},"end":{"line":1,"column":5744}},"130":{"start":{"line":1,"column":5501},"end":{"line":1,"column":5507}},"131":{"start":{"line":1,"column":5517},"end":{"line":1,"column":5529}},"132":{"start":{"line":1,"column":5530},"end":{"line":1,"column":5743}},"133":{"start":{"line":1,"column":5565},"end":{"line":1,"column":5580}},"134":{"start":{"line":1,"column":5588},"end":{"line":1,"column":5742}},"135":{"start":{"line":1,"column":5606},"end":{"line":1,"column":5741}},"136":{"start":{"line":1,"column":5663},"end":{"line":1,"column":5679}},"137":{"start":{"line":1,"column":5680},"end":{"line":1,"column":5738}},"138":{"start":{"line":1,"column":5745},"end":{"line":1,"column":5764}},"139":{"start":{"line":1,"column":5774},"end":{"line":1,"column":5776}},"140":{"start":{"line":1,"column":5777},"end":{"line":1,"column":5922}},"141":{"start":{"line":1,"column":5829},"end":{"line":1,"column":5833}},"142":{"start":{"line":1,"column":5834},"end":{"line":1,"column":5892}},"143":{"start":{"line":1,"column":5866},"end":{"line":1,"column":5891}},"144":{"start":{"line":1,"column":5892},"end":{"line":1,"column":5921}},"145":{"start":{"line":1,"column":5922},"end":{"line":1,"column":5971}},"146":{"start":{"line":1,"column":5995},"end":{"line":1,"column":6019}},"147":{"start":{"line":1,"column":6028},"end":{"line":1,"column":6030}},"148":{"start":{"line":1,"column":6039},"end":{"line":1,"column":6040}},"149":{"start":{"line":1,"column":6049},"end":{"line":1,"column":6051}},"150":{"start":{"line":1,"column":6060},"end":{"line":1,"column":6061}},"151":{"start":{"line":1,"column":6068},"end":{"line":1,"column":6242}},"152":{"start":{"line":1,"column":6089},"end":{"line":1,"column":6119}},"153":{"start":{"line":1,"column":6127},"end":{"line":1,"column":6241}},"154":{"start":{"line":1,"column":6157},"end":{"line":1,"column":6240}},"155":{"start":{"line":1,"column":6250},"end":{"line":1,"column":6282}},"156":{"start":{"line":1,"column":6300},"end":{"line":1,"column":6743}},"157":{"start":{"line":1,"column":6329},"end":{"line":1,"column":6364}},"158":{"start":{"line":1,"column":6356},"end":{"line":1,"column":6363}},"159":{"start":{"line":1,"column":6364},"end":{"line":1,"column":6427}},"160":{"start":{"line":1,"column":6419},"end":{"line":1,"column":6426}},"161":{"start":{"line":1,"column":6436},"end":{"line":1,"column":6447}},"162":{"start":{"line":1,"column":6448},"end":{"line":1,"column":6531}},"163":{"start":{"line":1,"column":6481},"end":{"line":1,"column":6493}},"164":{"start":{"line":1,"column":6493},"end":{"line":1,"column":6509}},"165":{"start":{"line":1,"column":6509},"end":{"line":1,"column":6530}},"166":{"start":{"line":1,"column":6531},"end":{"line":1,"column":6537}},"167":{"start":{"line":1,"column":6560},"end":{"line":1,"column":6572}},"168":{"start":{"line":1,"column":6573},"end":{"line":1,"column":6736}},"169":{"start":{"line":1,"column":6589},"end":{"line":1,"column":6675}},"170":{"start":{"line":1,"column":6598},"end":{"line":1,"column":6634}},"171":{"start":{"line":1,"column":6642},"end":{"line":1,"column":6674}},"172":{"start":{"line":1,"column":6675},"end":{"line":1,"column":6685}},"173":{"start":{"line":1,"column":6685},"end":{"line":1,"column":6699}},"174":{"start":{"line":1,"column":6699},"end":{"line":1,"column":6714}},"175":{"start":{"line":1,"column":6714},"end":{"line":1,"column":6735}},"176":{"start":{"line":1,"column":6736},"end":{"line":1,"column":6742}},"177":{"start":{"line":1,"column":6744},"end":{"line":1,"column":6750}},"178":{"start":{"line":1,"column":6750},"end":{"line":1,"column":6813}},"179":{"start":{"line":1,"column":6838},"end":{"line":1,"column":6855}},"180":{"start":{"line":1,"column":6847},"end":{"line":1,"column":6854}},"181":{"start":{"line":1,"column":6863},"end":{"line":1,"column":6892}},"182":{"start":{"line":1,"column":6893},"end":{"line":1,"column":6898}},"183":{"start":{"line":1,"column":6898},"end":{"line":1,"column":6929}},"184":{"start":{"line":1,"column":6938},"end":{"line":1,"column":6942}},"185":{"start":{"line":1,"column":6966},"end":{"line":1,"column":6975}},"186":{"start":{"line":1,"column":6976},"end":{"line":1,"column":7114}},"187":{"start":{"line":1,"column":7034},"end":{"line":1,"column":7044}},"188":{"start":{"line":1,"column":7045},"end":{"line":1,"column":7113}},"189":{"start":{"line":1,"column":7114},"end":{"line":1,"column":7145}},"190":{"start":{"line":1,"column":7172},"end":{"line":1,"column":7174}},"191":{"start":{"line":1,"column":7181},"end":{"line":1,"column":7512}},"192":{"start":{"line":1,"column":7204},"end":{"line":1,"column":7215}},"193":{"start":{"line":1,"column":7225},"end":{"line":1,"column":7227}},"194":{"start":{"line":1,"column":7237},"end":{"line":1,"column":7239}},"195":{"start":{"line":1,"column":7240},"end":{"line":1,"column":7474}},"196":{"start":{"line":1,"column":7295},"end":{"line":1,"column":7301}},"197":{"start":{"line":1,"column":7311},"end":{"line":1,"column":7315}},"198":{"start":{"line":1,"column":7316},"end":{"line":1,"column":7386}},"199":{"start":{"line":1,"column":7325},"end":{"line":1,"column":7385}},"200":{"start":{"line":1,"column":7363},"end":{"line":1,"column":7384}},"201":{"start":{"line":1,"column":7395},"end":{"line":1,"column":7399}},"202":{"start":{"line":1,"column":7409},"end":{"line":1,"column":7416}},"203":{"start":{"line":1,"column":7417},"end":{"line":1,"column":7473}},"204":{"start":{"line":1,"column":7446},"end":{"line":1,"column":7458}},"205":{"start":{"line":1,"column":7458},"end":{"line":1,"column":7472}},"206":{"start":{"line":1,"column":7474},"end":{"line":1,"column":7497}},"207":{"start":{"line":1,"column":7497},"end":{"line":1,"column":7507}},"208":{"start":{"line":1,"column":7520},"end":{"line":1,"column":7528}},"209":{"start":{"line":1,"column":7537},"end":{"line":1,"column":8488}},"210":{"start":{"line":1,"column":7561},"end":{"line":1,"column":7574}},"211":{"start":{"line":1,"column":7579},"end":{"line":1,"column":7589}},"212":{"start":{"line":1,"column":7599},"end":{"line":1,"column":7605}},"213":{"start":{"line":1,"column":7615},"end":{"line":1,"column":7616}},"214":{"start":{"line":1,"column":7626},"end":{"line":1,"column":7642}},"215":{"start":{"line":1,"column":7652},"end":{"line":1,"column":7654}},"216":{"start":{"line":1,"column":7655},"end":{"line":1,"column":8467}},"217":{"start":{"line":1,"column":7713},"end":{"line":1,"column":7719}},"218":{"start":{"line":1,"column":7729},"end":{"line":1,"column":7735}},"219":{"start":{"line":1,"column":7745},"end":{"line":1,"column":7751}},"220":{"start":{"line":1,"column":7759},"end":{"line":1,"column":8136}},"221":{"start":{"line":1,"column":7788},"end":{"line":1,"column":7799}},"222":{"start":{"line":1,"column":7816},"end":{"line":1,"column":7831}},"223":{"start":{"line":1,"column":7832},"end":{"line":1,"column":7992}},"224":{"start":{"line":1,"column":7841},"end":{"line":1,"column":7862}},"225":{"start":{"line":1,"column":7862},"end":{"line":1,"column":7873}},"226":{"start":{"line":1,"column":7881},"end":{"line":1,"column":7973}},"227":{"start":{"line":1,"column":7913},"end":{"line":1,"column":7924}},"228":{"start":{"line":1,"column":7924},"end":{"line":1,"column":7945}},"229":{"start":{"line":1,"column":7945},"end":{"line":1,"column":7972}},"230":{"start":{"line":1,"column":7954},"end":{"line":1,"column":7965}},"231":{"start":{"line":1,"column":7965},"end":{"line":1,"column":7971}},"232":{"start":{"line":1,"column":7973},"end":{"line":1,"column":7991}},"233":{"start":{"line":1,"column":7983},"end":{"line":1,"column":7990}},"234":{"start":{"line":1,"column":7992},"end":{"line":1,"column":8046}},"235":{"start":{"line":1,"column":8046},"end":{"line":1,"column":8112}},"236":{"start":{"line":1,"column":8093},"end":{"line":1,"column":8104}},"237":{"start":{"line":1,"column":8104},"end":{"line":1,"column":8111}},"238":{"start":{"line":1,"column":8112},"end":{"line":1,"column":8135}},"239":{"start":{"line":1,"column":8122},"end":{"line":1,"column":8134}},"240":{"start":{"line":1,"column":8145},"end":{"line":1,"column":8147}},"241":{"start":{"line":1,"column":8148},"end":{"line":1,"column":8164}},"242":{"start":{"line":1,"column":8164},"end":{"line":1,"column":8466}},"243":{"start":{"line":1,"column":8174},"end":{"line":1,"column":8194}},"244":{"start":{"line":1,"column":8211},"end":{"line":1,"column":8216}},"245":{"start":{"line":1,"column":8226},"end":{"line":1,"column":8240}},"246":{"start":{"line":1,"column":8250},"end":{"line":1,"column":8264}},"247":{"start":{"line":1,"column":8265},"end":{"line":1,"column":8328}},"248":{"start":{"line":1,"column":8277},"end":{"line":1,"column":8307}},"249":{"start":{"line":1,"column":8307},"end":{"line":1,"column":8327}},"250":{"start":{"line":1,"column":8337},"end":{"line":1,"column":8352}},"251":{"start":{"line":1,"column":8353},"end":{"line":1,"column":8391}},"252":{"start":{"line":1,"column":8391},"end":{"line":1,"column":8425}},"253":{"start":{"line":1,"column":8425},"end":{"line":1,"column":8465}},"254":{"start":{"line":1,"column":8467},"end":{"line":1,"column":8487}},"255":{"start":{"line":1,"column":8489},"end":{"line":1,"column":8498}},"256":{"start":{"line":1,"column":8522},"end":{"line":1,"column":8524}},"257":{"start":{"line":1,"column":8529},"end":{"line":1,"column":8531}},"258":{"start":{"line":1,"column":8532},"end":{"line":1,"column":9039}},"259":{"start":{"line":1,"column":8560},"end":{"line":1,"column":8771}},"260":{"start":{"line":1,"column":8779},"end":{"line":1,"column":9038}},"261":{"start":{"line":1,"column":8804},"end":{"line":1,"column":8934}},"262":{"start":{"line":1,"column":8942},"end":{"line":1,"column":9037}},"263":{"start":{"line":1,"column":9039},"end":{"line":1,"column":9113}},"264":{"start":{"line":1,"column":9063},"end":{"line":1,"column":9112}},"265":{"start":{"line":1,"column":9121},"end":{"line":1,"column":9135}},"266":{"start":{"line":1,"column":9136},"end":{"line":1,"column":9512}},"267":{"start":{"line":1,"column":9144},"end":{"line":1,"column":9511}},"268":{"start":{"line":1,"column":9167},"end":{"line":1,"column":9375}},"269":{"start":{"line":1,"column":9179},"end":{"line":1,"column":9243}},"270":{"start":{"line":1,"column":9251},"end":{"line":1,"column":9374}},"271":{"start":{"line":1,"column":9375},"end":{"line":1,"column":9465}},"272":{"start":{"line":1,"column":9473},"end":{"line":1,"column":9510}},"273":{"start":{"line":1,"column":9512},"end":{"line":1,"column":9616}},"274":{"start":{"line":1,"column":9535},"end":{"line":1,"column":9570}},"275":{"start":{"line":1,"column":9570},"end":{"line":1,"column":9615}},"276":{"start":{"line":1,"column":9616},"end":{"line":1,"column":9803}},"277":{"start":{"line":1,"column":9646},"end":{"line":1,"column":9741}},"278":{"start":{"line":1,"column":9742},"end":{"line":1,"column":9802}},"279":{"start":{"line":1,"column":9811},"end":{"line":1,"column":9818}},"280":{"start":{"line":1,"column":9819},"end":{"line":1,"column":9843}},"281":{"start":{"line":1,"column":9827},"end":{"line":1,"column":9842}},"282":{"start":{"line":1,"column":9851},"end":{"line":1,"column":9890}},"283":{"start":{"line":1,"column":9891},"end":{"line":1,"column":9982}},"284":{"start":{"line":1,"column":9906},"end":{"line":1,"column":9981}},"285":{"start":{"line":1,"column":9982},"end":{"line":1,"column":10023}},"286":{"start":{"line":1,"column":10023},"end":{"line":1,"column":10357}},"287":{"start":{"line":1,"column":10357},"end":{"line":1,"column":10372}},"288":{"start":{"line":1,"column":10381},"end":{"line":1,"column":10486}},"289":{"start":{"line":1,"column":10514},"end":{"line":1,"column":10538}},"290":{"start":{"line":1,"column":10548},"end":{"line":1,"column":10558}},"291":{"start":{"line":1,"column":10568},"end":{"line":1,"column":10583}},"292":{"start":{"line":1,"column":10590},"end":{"line":1,"column":10758}},"293":{"start":{"line":1,"column":10611},"end":{"line":1,"column":10641}},"294":{"start":{"line":1,"column":10649},"end":{"line":1,"column":10757}},"295":{"start":{"line":1,"column":10679},"end":{"line":1,"column":10756}},"296":{"start":{"line":1,"column":10766},"end":{"line":1,"column":10798}},"297":{"start":{"line":1,"column":10808},"end":{"line":1,"column":10830}},"298":{"start":{"line":1,"column":10831},"end":{"line":1,"column":10883}},"299":{"start":{"line":1,"column":10853},"end":{"line":1,"column":10882}},"300":{"start":{"line":1,"column":10891},"end":{"line":1,"column":10895}},"301":{"start":{"line":1,"column":10913},"end":{"line":1,"column":11459}},"302":{"start":{"line":1,"column":10942},"end":{"line":1,"column":10976}},"303":{"start":{"line":1,"column":10969},"end":{"line":1,"column":10975}},"304":{"start":{"line":1,"column":10976},"end":{"line":1,"column":11133}},"305":{"start":{"line":1,"column":11003},"end":{"line":1,"column":11010}},"306":{"start":{"line":1,"column":11010},"end":{"line":1,"column":11061}},"307":{"start":{"line":1,"column":11030},"end":{"line":1,"column":11060}},"308":{"start":{"line":1,"column":11069},"end":{"line":1,"column":11132}},"309":{"start":{"line":1,"column":11124},"end":{"line":1,"column":11131}},"310":{"start":{"line":1,"column":11133},"end":{"line":1,"column":11139}},"311":{"start":{"line":1,"column":11153},"end":{"line":1,"column":11452}},"312":{"start":{"line":1,"column":11170},"end":{"line":1,"column":11182}},"313":{"start":{"line":1,"column":11192},"end":{"line":1,"column":11204}},"314":{"start":{"line":1,"column":11205},"end":{"line":1,"column":11451}},"315":{"start":{"line":1,"column":11223},"end":{"line":1,"column":11248}},"316":{"start":{"line":1,"column":11249},"end":{"line":1,"column":11267}},"317":{"start":{"line":1,"column":11276},"end":{"line":1,"column":11313}},"318":{"start":{"line":1,"column":11314},"end":{"line":1,"column":11402}},"319":{"start":{"line":1,"column":11332},"end":{"line":1,"column":11345}},"320":{"start":{"line":1,"column":11346},"end":{"line":1,"column":11401}},"321":{"start":{"line":1,"column":11402},"end":{"line":1,"column":11409}},"322":{"start":{"line":1,"column":11409},"end":{"line":1,"column":11450}},"323":{"start":{"line":1,"column":11419},"end":{"line":1,"column":11449}},"324":{"start":{"line":1,"column":11452},"end":{"line":1,"column":11458}},"325":{"start":{"line":1,"column":11477},"end":{"line":1,"column":11540}},"326":{"start":{"line":1,"column":11502},"end":{"line":1,"column":11521}},"327":{"start":{"line":1,"column":11521},"end":{"line":1,"column":11539}},"328":{"start":{"line":1,"column":11531},"end":{"line":1,"column":11538}},"329":{"start":{"line":1,"column":11570},"end":{"line":1,"column":11599}},"330":{"start":{"line":1,"column":11609},"end":{"line":1,"column":11622}},"331":{"start":{"line":1,"column":11623},"end":{"line":1,"column":11767}},"332":{"start":{"line":1,"column":11641},"end":{"line":1,"column":11650}},"333":{"start":{"line":1,"column":11660},"end":{"line":1,"column":11674}},"334":{"start":{"line":1,"column":11675},"end":{"line":1,"column":11694}},"335":{"start":{"line":1,"column":11694},"end":{"line":1,"column":11766}},"336":{"start":{"line":1,"column":11726},"end":{"line":1,"column":11746}},"337":{"start":{"line":1,"column":11746},"end":{"line":1,"column":11765}},"338":{"start":{"line":1,"column":11767},"end":{"line":1,"column":11777}},"339":{"start":{"line":1,"column":11787},"end":{"line":1,"column":11808}},"340":{"start":{"line":1,"column":11809},"end":{"line":1,"column":11876}},"341":{"start":{"line":1,"column":11867},"end":{"line":1,"column":11875}},"342":{"start":{"line":1,"column":11876},"end":{"line":1,"column":11887}},"343":{"start":{"line":1,"column":11888},"end":{"line":1,"column":11934}},"344":{"start":{"line":1,"column":11924},"end":{"line":1,"column":11933}},"345":{"start":{"line":1,"column":11934},"end":{"line":1,"column":11988}},"346":{"start":{"line":1,"column":11956},"end":{"line":1,"column":11987}},"347":{"start":{"line":1,"column":11997},"end":{"line":1,"column":12019}},"348":{"start":{"line":1,"column":12020},"end":{"line":1,"column":12046}},"349":{"start":{"line":1,"column":12054},"end":{"line":1,"column":12082}},"350":{"start":{"line":1,"column":12083},"end":{"line":1,"column":12254}},"351":{"start":{"line":1,"column":12126},"end":{"line":1,"column":12136}},"352":{"start":{"line":1,"column":12136},"end":{"line":1,"column":12170}},"353":{"start":{"line":1,"column":12170},"end":{"line":1,"column":12234}},"354":{"start":{"line":1,"column":12191},"end":{"line":1,"column":12233}},"355":{"start":{"line":1,"column":12234},"end":{"line":1,"column":12253}},"356":{"start":{"line":1,"column":12254},"end":{"line":1,"column":12272}},"357":{"start":{"line":1,"column":12298},"end":{"line":1,"column":12334}},"358":{"start":{"line":1,"column":12344},"end":{"line":1,"column":12349}},"359":{"start":{"line":1,"column":12359},"end":{"line":1,"column":12372}},"360":{"start":{"line":1,"column":12382},"end":{"line":1,"column":12391}},"361":{"start":{"line":1,"column":12400},"end":{"line":1,"column":12401}},"362":{"start":{"line":1,"column":12411},"end":{"line":1,"column":12419}},"363":{"start":{"line":1,"column":12428},"end":{"line":1,"column":12437}},"364":{"start":{"line":1,"column":12447},"end":{"line":1,"column":12448}},"365":{"start":{"line":1,"column":12457},"end":{"line":1,"column":12471}},"366":{"start":{"line":1,"column":12480},"end":{"line":1,"column":12488}},"367":{"start":{"line":1,"column":12497},"end":{"line":1,"column":12498}},"368":{"start":{"line":1,"column":12499},"end":{"line":1,"column":12509}},"369":{"start":{"line":1,"column":12520},"end":{"line":1,"column":12628}},"370":{"start":{"line":1,"column":12548},"end":{"line":1,"column":12627}},"371":{"start":{"line":1,"column":12574},"end":{"line":1,"column":12592}},"372":{"start":{"line":1,"column":12592},"end":{"line":1,"column":12610}},"373":{"start":{"line":1,"column":12618},"end":{"line":1,"column":12626}},"374":{"start":{"line":1,"column":12628},"end":{"line":1,"column":12635}},"375":{"start":{"line":1,"column":12635},"end":{"line":1,"column":12793}},"376":{"start":{"line":1,"column":12672},"end":{"line":1,"column":12677}},"377":{"start":{"line":1,"column":12687},"end":{"line":1,"column":12696}},"378":{"start":{"line":1,"column":12705},"end":{"line":1,"column":12711}},"379":{"start":{"line":1,"column":12712},"end":{"line":1,"column":12759}},"380":{"start":{"line":1,"column":12751},"end":{"line":1,"column":12758}},"381":{"start":{"line":1,"column":12759},"end":{"line":1,"column":12772}},"382":{"start":{"line":1,"column":12772},"end":{"line":1,"column":12785}},"383":{"start":{"line":1,"column":12785},"end":{"line":1,"column":12792}},"384":{"start":{"line":1,"column":12793},"end":{"line":1,"column":12811}},"385":{"start":{"line":1,"column":12820},"end":{"line":1,"column":12824}},"386":{"start":{"line":1,"column":12825},"end":{"line":1,"column":13380}},"387":{"start":{"line":1,"column":12850},"end":{"line":1,"column":12856}},"388":{"start":{"line":1,"column":12865},"end":{"line":1,"column":12881}},"389":{"start":{"line":1,"column":12891},"end":{"line":1,"column":12895}},"390":{"start":{"line":1,"column":12905},"end":{"line":1,"column":12919}},"391":{"start":{"line":1,"column":12928},"end":{"line":1,"column":12943}},"392":{"start":{"line":1,"column":12953},"end":{"line":1,"column":12963}},"393":{"start":{"line":1,"column":12970},"end":{"line":1,"column":13329}},"394":{"start":{"line":1,"column":13022},"end":{"line":1,"column":13056}},"395":{"start":{"line":1,"column":13031},"end":{"line":1,"column":13055}},"396":{"start":{"line":1,"column":13056},"end":{"line":1,"column":13073}},"397":{"start":{"line":1,"column":13082},"end":{"line":1,"column":13098}},"398":{"start":{"line":1,"column":13108},"end":{"line":1,"column":13132}},"399":{"start":{"line":1,"column":13133},"end":{"line":1,"column":13157}},"400":{"start":{"line":1,"column":13166},"end":{"line":1,"column":13179}},"401":{"start":{"line":1,"column":13180},"end":{"line":1,"column":13204}},"402":{"start":{"line":1,"column":13204},"end":{"line":1,"column":13223}},"403":{"start":{"line":1,"column":13223},"end":{"line":1,"column":13328}},"404":{"start":{"line":1,"column":13235},"end":{"line":1,"column":13291}},"405":{"start":{"line":1,"column":13291},"end":{"line":1,"column":13327}},"406":{"start":{"line":1,"column":13329},"end":{"line":1,"column":13335}},"407":{"start":{"line":1,"column":13335},"end":{"line":1,"column":13357}},"408":{"start":{"line":1,"column":13348},"end":{"line":1,"column":13356}},"409":{"start":{"line":1,"column":13357},"end":{"line":1,"column":13379}},"410":{"start":{"line":1,"column":13371},"end":{"line":1,"column":13378}},"411":{"start":{"line":1,"column":13389},"end":{"line":1,"column":13391}},"412":{"start":{"line":1,"column":13410},"end":{"line":1,"column":13581}},"413":{"start":{"line":1,"column":13453},"end":{"line":1,"column":13457}},"414":{"start":{"line":1,"column":13458},"end":{"line":1,"column":13580}},"415":{"start":{"line":1,"column":13485},"end":{"line":1,"column":13494}},"416":{"start":{"line":1,"column":13502},"end":{"line":1,"column":13579}},"417":{"start":{"line":1,"column":13523},"end":{"line":1,"column":13578}},"418":{"start":{"line":1,"column":13600},"end":{"line":1,"column":13691}},"419":{"start":{"line":1,"column":13634},"end":{"line":1,"column":13690}},"420":{"start":{"line":1,"column":13691},"end":{"line":1,"column":13703}},"421":{"start":{"line":1,"column":13704},"end":{"line":1,"column":13727}},"422":{"start":{"line":1,"column":13727},"end":{"line":1,"column":14197}},"423":{"start":{"line":1,"column":14197},"end":{"line":1,"column":14734}},"424":{"start":{"line":1,"column":14734},"end":{"line":1,"column":14774}},"425":{"start":{"line":1,"column":14774},"end":{"line":1,"column":14887}},"426":{"start":{"line":1,"column":14887},"end":{"line":1,"column":14935}},"427":{"start":{"line":1,"column":14935},"end":{"line":1,"column":15040}},"428":{"start":{"line":1,"column":15040},"end":{"line":1,"column":15094}},"429":{"start":{"line":1,"column":15094},"end":{"line":1,"column":15182}},"430":{"start":{"line":1,"column":15182},"end":{"line":1,"column":15289}},"431":{"start":{"line":1,"column":15289},"end":{"line":1,"column":15398}},"432":{"start":{"line":1,"column":15398},"end":{"line":1,"column":15493}},"433":{"start":{"line":1,"column":15493},"end":{"line":1,"column":15566}},"434":{"start":{"line":1,"column":15566},"end":{"line":1,"column":15711}},"435":{"start":{"line":1,"column":15711},"end":{"line":1,"column":15750}},"436":{"start":{"line":1,"column":15773},"end":{"line":1,"column":15788}},"437":{"start":{"line":1,"column":15789},"end":{"line":1,"column":15985}},"438":{"start":{"line":1,"column":15802},"end":{"line":1,"column":15817}},"439":{"start":{"line":1,"column":15826},"end":{"line":1,"column":15838}},"440":{"start":{"line":1,"column":15839},"end":{"line":1,"column":15856}},"441":{"start":{"line":1,"column":15856},"end":{"line":1,"column":15874}},"442":{"start":{"line":1,"column":15874},"end":{"line":1,"column":15888}},"443":{"start":{"line":1,"column":15888},"end":{"line":1,"column":15899}},"444":{"start":{"line":1,"column":15899},"end":{"line":1,"column":15904}},"445":{"start":{"line":1,"column":15917},"end":{"line":1,"column":15984}},"446":{"start":{"line":1,"column":15943},"end":{"line":1,"column":15983}},"447":{"start":{"line":1,"column":16015},"end":{"line":1,"column":16044}},"448":{"start":{"line":1,"column":16045},"end":{"line":1,"column":16061}},"449":{"start":{"line":1,"column":16061},"end":{"line":1,"column":16078}},"450":{"start":{"line":1,"column":16069},"end":{"line":1,"column":16077}},"451":{"start":{"line":1,"column":16086},"end":{"line":1,"column":16137}},"452":{"start":{"line":1,"column":16138},"end":{"line":1,"column":16143}},"453":{"start":{"line":1,"column":16143},"end":{"line":1,"column":16162}},"454":{"start":{"line":1,"column":16195},"end":{"line":1,"column":16236}},"455":{"start":{"line":1,"column":16246},"end":{"line":1,"column":16277}},"456":{"start":{"line":1,"column":16286},"end":{"line":1,"column":16288}},"457":{"start":{"line":1,"column":16289},"end":{"line":1,"column":16397}},"458":{"start":{"line":1,"column":16329},"end":{"line":1,"column":16396}},"459":{"start":{"line":1,"column":16377},"end":{"line":1,"column":16395}},"460":{"start":{"line":1,"column":16397},"end":{"line":1,"column":16407}},"461":{"start":{"line":1,"column":16415},"end":{"line":1,"column":16419}},"462":{"start":{"line":1,"column":16420},"end":{"line":1,"column":16484}},"463":{"start":{"line":1,"column":16433},"end":{"line":1,"column":16483}},"464":{"start":{"line":1,"column":16460},"end":{"line":1,"column":16479}},"465":{"start":{"line":1,"column":16492},"end":{"line":1,"column":16493}},"466":{"start":{"line":1,"column":16509},"end":{"line":1,"column":16541}},"467":{"start":{"line":1,"column":16551},"end":{"line":1,"column":16568}},"468":{"start":{"line":1,"column":16592},"end":{"line":1,"column":16652}},"469":{"start":{"line":1,"column":16653},"end":{"line":1,"column":17332}},"470":{"start":{"line":1,"column":16705},"end":{"line":1,"column":16709}},"471":{"start":{"line":1,"column":16719},"end":{"line":1,"column":16731}},"472":{"start":{"line":1,"column":16732},"end":{"line":1,"column":17331}},"473":{"start":{"line":1,"column":16778},"end":{"line":1,"column":16790}},"474":{"start":{"line":1,"column":16798},"end":{"line":1,"column":16878}},"475":{"start":{"line":1,"column":16849},"end":{"line":1,"column":16877}},"476":{"start":{"line":1,"column":16878},"end":{"line":1,"column":16899}},"477":{"start":{"line":1,"column":16887},"end":{"line":1,"column":16898}},"478":{"start":{"line":1,"column":16908},"end":{"line":1,"column":16913}},"479":{"start":{"line":1,"column":16914},"end":{"line":1,"column":17124}},"480":{"start":{"line":1,"column":16968},"end":{"line":1,"column":17123}},"481":{"start":{"line":1,"column":17106},"end":{"line":1,"column":17116}},"482":{"start":{"line":1,"column":17116},"end":{"line":1,"column":17122}},"483":{"start":{"line":1,"column":17124},"end":{"line":1,"column":17330}},"484":{"start":{"line":1,"column":17143},"end":{"line":1,"column":17188}},"485":{"start":{"line":1,"column":17189},"end":{"line":1,"column":17245}},"486":{"start":{"line":1,"column":17245},"end":{"line":1,"column":17265}},"487":{"start":{"line":1,"column":17254},"end":{"line":1,"column":17264}},"488":{"start":{"line":1,"column":17265},"end":{"line":1,"column":17324}},"489":{"start":{"line":1,"column":17324},"end":{"line":1,"column":17329}},"490":{"start":{"line":1,"column":17332},"end":{"line":1,"column":17394}},"491":{"start":{"line":1,"column":17351},"end":{"line":1,"column":17370}},"492":{"start":{"line":1,"column":17378},"end":{"line":1,"column":17393}},"493":{"start":{"line":1,"column":17387},"end":{"line":1,"column":17392}},"494":{"start":{"line":1,"column":17395},"end":{"line":1,"column":17399}},"495":{"start":{"line":1,"column":17400},"end":{"line":1,"column":17426}},"496":{"start":{"line":1,"column":17426},"end":{"line":1,"column":17449}},"497":{"start":{"line":1,"column":17449},"end":{"line":1,"column":17730}},"498":{"start":{"line":1,"column":17735},"end":{"line":1,"column":18530}},"499":{"start":{"line":1,"column":18530},"end":{"line":1,"column":19339}},"500":{"start":{"line":1,"column":19339},"end":{"line":1,"column":19488}},"501":{"start":{"line":1,"column":19488},"end":{"line":1,"column":19583}}},"fnMap":{"0":{"name":"(anonymous_0)","decl":{"start":{"line":1,"column":55},"end":{"line":1,"column":56}},"loc":{"start":{"line":1,"column":67},"end":{"line":1,"column":17731}},"line":1},"1":{"name":"k","decl":{"start":{"line":1,"column":2622},"end":{"line":1,"column":2623}},"loc":{"start":{"line":1,"column":2627},"end":{"line":1,"column":5972}},"line":1},"2":{"name":"ab","decl":{"start":{"line":1,"column":2938},"end":{"line":1,"column":2940}},"loc":{"start":{"line":1,"column":2945},"end":{"line":1,"column":3236}},"line":1},"3":{"name":"T","decl":{"start":{"line":1,"column":3245},"end":{"line":1,"column":3246}},"loc":{"start":{"line":1,"column":3251},"end":{"line":1,"column":3439}},"line":1},"4":{"name":"X","decl":{"start":{"line":1,"column":3448},"end":{"line":1,"column":3449}},"loc":{"start":{"line":1,"column":3454},"end":{"line":1,"column":4604}},"line":1},"5":{"name":"(anonymous_5)","decl":{"start":{"line":1,"column":4128},"end":{"line":1,"column":4129}},"loc":{"start":{"line":1,"column":4146},"end":{"line":1,"column":4186}},"line":1},"6":{"name":"W","decl":{"start":{"line":1,"column":4613},"end":{"line":1,"column":4614}},"loc":{"start":{"line":1,"column":4619},"end":{"line":1,"column":5765}},"line":1},"7":{"name":"(anonymous_7)","decl":{"start":{"line":1,"column":5639},"end":{"line":1,"column":5640}},"loc":{"start":{"line":1,"column":5653},"end":{"line":1,"column":5739}},"line":1},"8":{"name":"a","decl":{"start":{"line":1,"column":5981},"end":{"line":1,"column":5982}},"loc":{"start":{"line":1,"column":5986},"end":{"line":1,"column":6814}},"line":1},"9":{"name":"aa","decl":{"start":{"line":1,"column":6292},"end":{"line":1,"column":6294}},"loc":{"start":{"line":1,"column":6299},"end":{"line":1,"column":6744}},"line":1},"10":{"name":"B","decl":{"start":{"line":1,"column":6823},"end":{"line":1,"column":6824}},"loc":{"start":{"line":1,"column":6837},"end":{"line":1,"column":6930}},"line":1},"11":{"name":"o","decl":{"start":{"line":1,"column":6952},"end":{"line":1,"column":6953}},"loc":{"start":{"line":1,"column":6957},"end":{"line":1,"column":7146}},"line":1},"12":{"name":"g","decl":{"start":{"line":1,"column":7155},"end":{"line":1,"column":7156}},"loc":{"start":{"line":1,"column":7163},"end":{"line":1,"column":8499}},"line":1},"13":{"name":"(anonymous_13)","decl":{"start":{"line":1,"column":7182},"end":{"line":1,"column":7183}},"loc":{"start":{"line":1,"column":7194},"end":{"line":1,"column":7508}},"line":1},"14":{"name":"W","decl":{"start":{"line":1,"column":7546},"end":{"line":1,"column":7547}},"loc":{"start":{"line":1,"column":7552},"end":{"line":1,"column":8488}},"line":1},"15":{"name":"i","decl":{"start":{"line":1,"column":8508},"end":{"line":1,"column":8509}},"loc":{"start":{"line":1,"column":8513},"end":{"line":1,"column":10373}},"line":1},"16":{"name":"Q","decl":{"start":{"line":1,"column":10496},"end":{"line":1,"column":10497}},"loc":{"start":{"line":1,"column":10505},"end":{"line":1,"column":12273}},"line":1},"17":{"name":"ae","decl":{"start":{"line":1,"column":10905},"end":{"line":1,"column":10907}},"loc":{"start":{"line":1,"column":10912},"end":{"line":1,"column":11460}},"line":1},"18":{"name":"ad","decl":{"start":{"line":1,"column":11469},"end":{"line":1,"column":11471}},"loc":{"start":{"line":1,"column":11476},"end":{"line":1,"column":11888}},"line":1},"19":{"name":"ai","decl":{"start":{"line":1,"column":11549},"end":{"line":1,"column":11551}},"loc":{"start":{"line":1,"column":11560},"end":{"line":1,"column":11778}},"line":1},"20":{"name":"D","decl":{"start":{"line":1,"column":12282},"end":{"line":1,"column":12283}},"loc":{"start":{"line":1,"column":12288},"end":{"line":1,"column":13381}},"line":1},"21":{"name":"c","decl":{"start":{"line":1,"column":13401},"end":{"line":1,"column":13402}},"loc":{"start":{"line":1,"column":13409},"end":{"line":1,"column":13582}},"line":1},"22":{"name":"q","decl":{"start":{"line":1,"column":13591},"end":{"line":1,"column":13592}},"loc":{"start":{"line":1,"column":13599},"end":{"line":1,"column":13704}},"line":1},"23":{"name":"d","decl":{"start":{"line":1,"column":15759},"end":{"line":1,"column":15760}},"loc":{"start":{"line":1,"column":15764},"end":{"line":1,"column":15986}},"line":1},"24":{"name":"y","decl":{"start":{"line":1,"column":15995},"end":{"line":1,"column":15996}},"loc":{"start":{"line":1,"column":16006},"end":{"line":1,"column":16163}},"line":1},"25":{"name":"b","decl":{"start":{"line":1,"column":16172},"end":{"line":1,"column":16173}},"loc":{"start":{"line":1,"column":16178},"end":{"line":1,"column":17400}},"line":1},"26":{"name":"Y","decl":{"start":{"line":1,"column":16188},"end":{"line":1,"column":16189}},"loc":{"start":{"line":1,"column":16194},"end":{"line":1,"column":16237}},"line":1},"27":{"name":"now","decl":{"start":{"line":1,"column":16453},"end":{"line":1,"column":16456}},"loc":{"start":{"line":1,"column":16459},"end":{"line":1,"column":16480}},"line":1},"28":{"name":"U","decl":{"start":{"line":1,"column":16578},"end":{"line":1,"column":16579}},"loc":{"start":{"line":1,"column":16582},"end":{"line":1,"column":17395}},"line":1}},"branchMap":{"0":{"loc":{"start":{"line":1,"column":2725},"end":{"line":1,"column":2877}},"type":"if","locations":[{"start":{"line":1,"column":2725},"end":{"line":1,"column":2877}},{"start":{"line":1,"column":2725},"end":{"line":1,"column":2877}}],"line":1},"1":{"loc":{"start":{"line":1,"column":2763},"end":{"line":1,"column":2876}},"type":"if","locations":[{"start":{"line":1,"column":2763},"end":{"line":1,"column":2876}},{"start":{"line":1,"column":2763},"end":{"line":1,"column":2876}}],"line":1},"2":{"loc":{"start":{"line":1,"column":2972},"end":{"line":1,"column":2999}},"type":"if","locations":[{"start":{"line":1,"column":2972},"end":{"line":1,"column":2999}},{"start":{"line":1,"column":2972},"end":{"line":1,"column":2999}}],"line":1},"3":{"loc":{"start":{"line":1,"column":3032},"end":{"line":1,"column":3235}},"type":"if","locations":[{"start":{"line":1,"column":3032},"end":{"line":1,"column":3235}},{"start":{"line":1,"column":3032},"end":{"line":1,"column":3235}}],"line":1},"4":{"loc":{"start":{"line":1,"column":3059},"end":{"line":1,"column":3234}},"type":"if","locations":[{"start":{"line":1,"column":3059},"end":{"line":1,"column":3234}},{"start":{"line":1,"column":3059},"end":{"line":1,"column":3234}}],"line":1},"5":{"loc":{"start":{"line":1,"column":3063},"end":{"line":1,"column":3085}},"type":"binary-expr","locations":[{"start":{"line":1,"column":3063},"end":{"line":1,"column":3072}},{"start":{"line":1,"column":3076},"end":{"line":1,"column":3085}}],"line":1},"6":{"loc":{"start":{"line":1,"column":3132},"end":{"line":1,"column":3233}},"type":"if","locations":[{"start":{"line":1,"column":3132},"end":{"line":1,"column":3233}},{"start":{"line":1,"column":3132},"end":{"line":1,"column":3233}}],"line":1},"7":{"loc":{"start":{"line":1,"column":3136},"end":{"line":1,"column":3160}},"type":"binary-expr","locations":[{"start":{"line":1,"column":3136},"end":{"line":1,"column":3146}},{"start":{"line":1,"column":3150},"end":{"line":1,"column":3160}}],"line":1},"8":{"loc":{"start":{"line":1,"column":3252},"end":{"line":1,"column":3319}},"type":"if","locations":[{"start":{"line":1,"column":3252},"end":{"line":1,"column":3319}},{"start":{"line":1,"column":3252},"end":{"line":1,"column":3319}}],"line":1},"9":{"loc":{"start":{"line":1,"column":3274},"end":{"line":1,"column":3298}},"type":"cond-expr","locations":[{"start":{"line":1,"column":3284},"end":{"line":1,"column":3290}},{"start":{"line":1,"column":3293},"end":{"line":1,"column":3298}}],"line":1},"10":{"loc":{"start":{"line":1,"column":3352},"end":{"line":1,"column":3428}},"type":"if","locations":[{"start":{"line":1,"column":3352},"end":{"line":1,"column":3428}},{"start":{"line":1,"column":3352},"end":{"line":1,"column":3428}}],"line":1},"11":{"loc":{"start":{"line":1,"column":3356},"end":{"line":1,"column":3409}},"type":"binary-expr","locations":[{"start":{"line":1,"column":3356},"end":{"line":1,"column":3367}},{"start":{"line":1,"column":3371},"end":{"line":1,"column":3381}},{"start":{"line":1,"column":3385},"end":{"line":1,"column":3395}},{"start":{"line":1,"column":3399},"end":{"line":1,"column":3409}}],"line":1},"12":{"loc":{"start":{"line":1,"column":3741},"end":{"line":1,"column":4119}},"type":"if","locations":[{"start":{"line":1,"column":3741},"end":{"line":1,"column":4119}},{"start":{"line":1,"column":3741},"end":{"line":1,"column":4119}}],"line":1},"13":{"loc":{"start":{"line":1,"column":3811},"end":{"line":1,"column":3896}},"type":"if","locations":[{"start":{"line":1,"column":3811},"end":{"line":1,"column":3896}},{"start":{"line":1,"column":3811},"end":{"line":1,"column":3896}}],"line":1},"14":{"loc":{"start":{"line":1,"column":3815},"end":{"line":1,"column":3848}},"type":"binary-expr","locations":[{"start":{"line":1,"column":3815},"end":{"line":1,"column":3826}},{"start":{"line":1,"column":3830},"end":{"line":1,"column":3848}}],"line":1},"15":{"loc":{"start":{"line":1,"column":3914},"end":{"line":1,"column":4118}},"type":"if","locations":[{"start":{"line":1,"column":3914},"end":{"line":1,"column":4118}},{"start":{"line":1,"column":3914},"end":{"line":1,"column":4118}}],"line":1},"16":{"loc":{"start":{"line":1,"column":3920},"end":{"line":1,"column":3939}},"type":"binary-expr","locations":[{"start":{"line":1,"column":3920},"end":{"line":1,"column":3927}},{"start":{"line":1,"column":3931},"end":{"line":1,"column":3939}}],"line":1},"17":{"loc":{"start":{"line":1,"column":3943},"end":{"line":1,"column":4028}},"type":"if","locations":[{"start":{"line":1,"column":3943},"end":{"line":1,"column":4028}},{"start":{"line":1,"column":3943},"end":{"line":1,"column":4028}}],"line":1},"18":{"loc":{"start":{"line":1,"column":3949},"end":{"line":1,"column":3967}},"type":"binary-expr","locations":[{"start":{"line":1,"column":3949},"end":{"line":1,"column":3956}},{"start":{"line":1,"column":3960},"end":{"line":1,"column":3967}}],"line":1},"19":{"loc":{"start":{"line":1,"column":4028},"end":{"line":1,"column":4117}},"type":"if","locations":[{"start":{"line":1,"column":4028},"end":{"line":1,"column":4117}},{"start":{"line":1,"column":4028},"end":{"line":1,"column":4117}}],"line":1},"20":{"loc":{"start":{"line":1,"column":4034},"end":{"line":1,"column":4053}},"type":"binary-expr","locations":[{"start":{"line":1,"column":4034},"end":{"line":1,"column":4041}},{"start":{"line":1,"column":4045},"end":{"line":1,"column":4053}}],"line":1},"21":{"loc":{"start":{"line":1,"column":4154},"end":{"line":1,"column":4184}},"type":"binary-expr","locations":[{"start":{"line":1,"column":4154},"end":{"line":1,"column":4167}},{"start":{"line":1,"column":4171},"end":{"line":1,"column":4184}}],"line":1},"22":{"loc":{"start":{"line":1,"column":4276},"end":{"line":1,"column":4358}},"type":"if","locations":[{"start":{"line":1,"column":4276},"end":{"line":1,"column":4358}},{"start":{"line":1,"column":4276},"end":{"line":1,"column":4358}}],"line":1},"23":{"loc":{"start":{"line":1,"column":4374},"end":{"line":1,"column":4397}},"type":"if","locations":[{"start":{"line":1,"column":4374},"end":{"line":1,"column":4397}},{"start":{"line":1,"column":4374},"end":{"line":1,"column":4397}}],"line":1},"24":{"loc":{"start":{"line":1,"column":4493},"end":{"line":1,"column":4570}},"type":"if","locations":[{"start":{"line":1,"column":4493},"end":{"line":1,"column":4570}},{"start":{"line":1,"column":4493},"end":{"line":1,"column":4570}}],"line":1},"25":{"loc":{"start":{"line":1,"column":4513},"end":{"line":1,"column":4551}},"type":"if","locations":[{"start":{"line":1,"column":4513},"end":{"line":1,"column":4551}},{"start":{"line":1,"column":4513},"end":{"line":1,"column":4551}}],"line":1},"26":{"loc":{"start":{"line":1,"column":4907},"end":{"line":1,"column":5027}},"type":"if","locations":[{"start":{"line":1,"column":4907},"end":{"line":1,"column":5027}},{"start":{"line":1,"column":4907},"end":{"line":1,"column":5027}}],"line":1},"27":{"loc":{"start":{"line":1,"column":4937},"end":{"line":1,"column":5026}},"type":"if","locations":[{"start":{"line":1,"column":4937},"end":{"line":1,"column":5026}},{"start":{"line":1,"column":4937},"end":{"line":1,"column":5026}}],"line":1},"28":{"loc":{"start":{"line":1,"column":4991},"end":{"line":1,"column":5025}},"type":"if","locations":[{"start":{"line":1,"column":4991},"end":{"line":1,"column":5025}},{"start":{"line":1,"column":4991},"end":{"line":1,"column":5025}}],"line":1},"29":{"loc":{"start":{"line":1,"column":4995},"end":{"line":1,"column":5009}},"type":"binary-expr","locations":[{"start":{"line":1,"column":4995},"end":{"line":1,"column":4997}},{"start":{"line":1,"column":5001},"end":{"line":1,"column":5009}}],"line":1},"30":{"loc":{"start":{"line":1,"column":5068},"end":{"line":1,"column":5103}},"type":"if","locations":[{"start":{"line":1,"column":5068},"end":{"line":1,"column":5103}},{"start":{"line":1,"column":5068},"end":{"line":1,"column":5103}}],"line":1},"31":{"loc":{"start":{"line":1,"column":5161},"end":{"line":1,"column":5335}},"type":"if","locations":[{"start":{"line":1,"column":5161},"end":{"line":1,"column":5335}},{"start":{"line":1,"column":5161},"end":{"line":1,"column":5335}}],"line":1},"32":{"loc":{"start":{"line":1,"column":5183},"end":{"line":1,"column":5226}},"type":"if","locations":[{"start":{"line":1,"column":5183},"end":{"line":1,"column":5226}},{"start":{"line":1,"column":5183},"end":{"line":1,"column":5226}}],"line":1},"33":{"loc":{"start":{"line":1,"column":5234},"end":{"line":1,"column":5334}},"type":"if","locations":[{"start":{"line":1,"column":5234},"end":{"line":1,"column":5334}},{"start":{"line":1,"column":5234},"end":{"line":1,"column":5334}}],"line":1},"34":{"loc":{"start":{"line":1,"column":5288},"end":{"line":1,"column":5333}},"type":"if","locations":[{"start":{"line":1,"column":5288},"end":{"line":1,"column":5333}},{"start":{"line":1,"column":5288},"end":{"line":1,"column":5333}}],"line":1},"35":{"loc":{"start":{"line":1,"column":5292},"end":{"line":1,"column":5306}},"type":"binary-expr","locations":[{"start":{"line":1,"column":5292},"end":{"line":1,"column":5294}},{"start":{"line":1,"column":5298},"end":{"line":1,"column":5306}}],"line":1},"36":{"loc":{"start":{"line":1,"column":5377},"end":{"line":1,"column":5433}},"type":"if","locations":[{"start":{"line":1,"column":5377},"end":{"line":1,"column":5433}},{"start":{"line":1,"column":5377},"end":{"line":1,"column":5433}}],"line":1},"37":{"loc":{"start":{"line":1,"column":5381},"end":{"line":1,"column":5417}},"type":"binary-expr","locations":[{"start":{"line":1,"column":5381},"end":{"line":1,"column":5395}},{"start":{"line":1,"column":5399},"end":{"line":1,"column":5417}}],"line":1},"38":{"loc":{"start":{"line":1,"column":5434},"end":{"line":1,"column":5745}},"type":"if","locations":[{"start":{"line":1,"column":5434},"end":{"line":1,"column":5745}},{"start":{"line":1,"column":5434},"end":{"line":1,"column":5745}}],"line":1},"39":{"loc":{"start":{"line":1,"column":5438},"end":{"line":1,"column":5456}},"type":"binary-expr","locations":[{"start":{"line":1,"column":5438},"end":{"line":1,"column":5451}},{"start":{"line":1,"column":5455},"end":{"line":1,"column":5456}}],"line":1},"40":{"loc":{"start":{"line":1,"column":5530},"end":{"line":1,"column":5743}},"type":"if","locations":[{"start":{"line":1,"column":5530},"end":{"line":1,"column":5743}},{"start":{"line":1,"column":5530},"end":{"line":1,"column":5743}}],"line":1},"41":{"loc":{"start":{"line":1,"column":5534},"end":{"line":1,"column":5562}},"type":"binary-expr","locations":[{"start":{"line":1,"column":5534},"end":{"line":1,"column":5548}},{"start":{"line":1,"column":5552},"end":{"line":1,"column":5562}}],"line":1},"42":{"loc":{"start":{"line":1,"column":5588},"end":{"line":1,"column":5742}},"type":"if","locations":[{"start":{"line":1,"column":5588},"end":{"line":1,"column":5742}},{"start":{"line":1,"column":5588},"end":{"line":1,"column":5742}}],"line":1},"43":{"loc":{"start":{"line":1,"column":5834},"end":{"line":1,"column":5892}},"type":"if","locations":[{"start":{"line":1,"column":5834},"end":{"line":1,"column":5892}},{"start":{"line":1,"column":5834},"end":{"line":1,"column":5892}}],"line":1},"44":{"loc":{"start":{"line":1,"column":5838},"end":{"line":1,"column":5863}},"type":"binary-expr","locations":[{"start":{"line":1,"column":5838},"end":{"line":1,"column":5847}},{"start":{"line":1,"column":5851},"end":{"line":1,"column":5863}}],"line":1},"45":{"loc":{"start":{"line":1,"column":5954},"end":{"line":1,"column":5969}},"type":"cond-expr","locations":[{"start":{"line":1,"column":5959},"end":{"line":1,"column":5963}},{"start":{"line":1,"column":5966},"end":{"line":1,"column":5969}}],"line":1},"46":{"loc":{"start":{"line":1,"column":6068},"end":{"line":1,"column":6242}},"type":"if","locations":[{"start":{"line":1,"column":6068},"end":{"line":1,"column":6242}},{"start":{"line":1,"column":6068},"end":{"line":1,"column":6242}}],"line":1},"47":{"loc":{"start":{"line":1,"column":6127},"end":{"line":1,"column":6241}},"type":"if","locations":[{"start":{"line":1,"column":6127},"end":{"line":1,"column":6241}},{"start":{"line":1,"column":6127},"end":{"line":1,"column":6241}}],"line":1},"48":{"loc":{"start":{"line":1,"column":6250},"end":{"line":1,"column":6282}},"type":"binary-expr","locations":[{"start":{"line":1,"column":6250},"end":{"line":1,"column":6251}},{"start":{"line":1,"column":6255},"end":{"line":1,"column":6282}}],"line":1},"49":{"loc":{"start":{"line":1,"column":6300},"end":{"line":1,"column":6743}},"type":"switch","locations":[{"start":{"line":1,"column":6322},"end":{"line":1,"column":6537}},{"start":{"line":1,"column":6537},"end":{"line":1,"column":6544}},{"start":{"line":1,"column":6544},"end":{"line":1,"column":6742}}],"line":1},"50":{"loc":{"start":{"line":1,"column":6329},"end":{"line":1,"column":6364}},"type":"if","locations":[{"start":{"line":1,"column":6329},"end":{"line":1,"column":6364}},{"start":{"line":1,"column":6329},"end":{"line":1,"column":6364}}],"line":1},"51":{"loc":{"start":{"line":1,"column":6448},"end":{"line":1,"column":6531}},"type":"if","locations":[{"start":{"line":1,"column":6448},"end":{"line":1,"column":6531}},{"start":{"line":1,"column":6448},"end":{"line":1,"column":6531}}],"line":1},"52":{"loc":{"start":{"line":1,"column":6452},"end":{"line":1,"column":6478}},"type":"binary-expr","locations":[{"start":{"line":1,"column":6452},"end":{"line":1,"column":6463}},{"start":{"line":1,"column":6467},"end":{"line":1,"column":6478}}],"line":1},"53":{"loc":{"start":{"line":1,"column":6573},"end":{"line":1,"column":6736}},"type":"if","locations":[{"start":{"line":1,"column":6573},"end":{"line":1,"column":6736}},{"start":{"line":1,"column":6573},"end":{"line":1,"column":6736}}],"line":1},"54":{"loc":{"start":{"line":1,"column":6589},"end":{"line":1,"column":6675}},"type":"if","locations":[{"start":{"line":1,"column":6589},"end":{"line":1,"column":6675}},{"start":{"line":1,"column":6589},"end":{"line":1,"column":6675}}],"line":1},"55":{"loc":{"start":{"line":1,"column":6838},"end":{"line":1,"column":6855}},"type":"if","locations":[{"start":{"line":1,"column":6838},"end":{"line":1,"column":6855}},{"start":{"line":1,"column":6838},"end":{"line":1,"column":6855}}],"line":1},"56":{"loc":{"start":{"line":1,"column":7049},"end":{"line":1,"column":7112}},"type":"cond-expr","locations":[{"start":{"line":1,"column":7059},"end":{"line":1,"column":7068}},{"start":{"line":1,"column":7071},"end":{"line":1,"column":7112}}],"line":1},"57":{"loc":{"start":{"line":1,"column":7059},"end":{"line":1,"column":7068}},"type":"cond-expr","locations":[{"start":{"line":1,"column":7063},"end":{"line":1,"column":7064}},{"start":{"line":1,"column":7067},"end":{"line":1,"column":7068}}],"line":1},"58":{"loc":{"start":{"line":1,"column":7071},"end":{"line":1,"column":7112}},"type":"cond-expr","locations":[{"start":{"line":1,"column":7081},"end":{"line":1,"column":7108}},{"start":{"line":1,"column":7111},"end":{"line":1,"column":7112}}],"line":1},"59":{"loc":{"start":{"line":1,"column":7081},"end":{"line":1,"column":7108}},"type":"cond-expr","locations":[{"start":{"line":1,"column":7103},"end":{"line":1,"column":7104}},{"start":{"line":1,"column":7107},"end":{"line":1,"column":7108}}],"line":1},"60":{"loc":{"start":{"line":1,"column":7121},"end":{"line":1,"column":7144}},"type":"cond-expr","locations":[{"start":{"line":1,"column":7131},"end":{"line":1,"column":7140}},{"start":{"line":1,"column":7143},"end":{"line":1,"column":7144}}],"line":1},"61":{"loc":{"start":{"line":1,"column":7316},"end":{"line":1,"column":7386}},"type":"if","locations":[{"start":{"line":1,"column":7316},"end":{"line":1,"column":7386}},{"start":{"line":1,"column":7316},"end":{"line":1,"column":7386}}],"line":1},"62":{"loc":{"start":{"line":1,"column":7417},"end":{"line":1,"column":7473}},"type":"if","locations":[{"start":{"line":1,"column":7417},"end":{"line":1,"column":7473}},{"start":{"line":1,"column":7417},"end":{"line":1,"column":7473}}],"line":1},"63":{"loc":{"start":{"line":1,"column":7626},"end":{"line":1,"column":7642}},"type":"binary-expr","locations":[{"start":{"line":1,"column":7626},"end":{"line":1,"column":7636}},{"start":{"line":1,"column":7640},"end":{"line":1,"column":7642}}],"line":1},"64":{"loc":{"start":{"line":1,"column":7759},"end":{"line":1,"column":8136}},"type":"if","locations":[{"start":{"line":1,"column":7759},"end":{"line":1,"column":8136}},{"start":{"line":1,"column":7759},"end":{"line":1,"column":8136}}],"line":1},"65":{"loc":{"start":{"line":1,"column":7832},"end":{"line":1,"column":7992}},"type":"if","locations":[{"start":{"line":1,"column":7832},"end":{"line":1,"column":7992}},{"start":{"line":1,"column":7832},"end":{"line":1,"column":7992}}],"line":1},"66":{"loc":{"start":{"line":1,"column":7945},"end":{"line":1,"column":7972}},"type":"if","locations":[{"start":{"line":1,"column":7945},"end":{"line":1,"column":7972}},{"start":{"line":1,"column":7945},"end":{"line":1,"column":7972}}],"line":1},"67":{"loc":{"start":{"line":1,"column":7973},"end":{"line":1,"column":7991}},"type":"if","locations":[{"start":{"line":1,"column":7973},"end":{"line":1,"column":7991}},{"start":{"line":1,"column":7973},"end":{"line":1,"column":7991}}],"line":1},"68":{"loc":{"start":{"line":1,"column":7997},"end":{"line":1,"column":8045}},"type":"binary-expr","locations":[{"start":{"line":1,"column":7997},"end":{"line":1,"column":8011}},{"start":{"line":1,"column":8015},"end":{"line":1,"column":8045}}],"line":1},"69":{"loc":{"start":{"line":1,"column":8046},"end":{"line":1,"column":8112}},"type":"if","locations":[{"start":{"line":1,"column":8046},"end":{"line":1,"column":8112}},{"start":{"line":1,"column":8046},"end":{"line":1,"column":8112}}],"line":1},"70":{"loc":{"start":{"line":1,"column":8050},"end":{"line":1,"column":8090}},"type":"binary-expr","locations":[{"start":{"line":1,"column":8050},"end":{"line":1,"column":8052}},{"start":{"line":1,"column":8056},"end":{"line":1,"column":8090}}],"line":1},"71":{"loc":{"start":{"line":1,"column":8058},"end":{"line":1,"column":8089}},"type":"binary-expr","locations":[{"start":{"line":1,"column":8058},"end":{"line":1,"column":8060}},{"start":{"line":1,"column":8064},"end":{"line":1,"column":8089}}],"line":1},"72":{"loc":{"start":{"line":1,"column":8112},"end":{"line":1,"column":8135}},"type":"if","locations":[{"start":{"line":1,"column":8112},"end":{"line":1,"column":8135}},{"start":{"line":1,"column":8112},"end":{"line":1,"column":8135}}],"line":1},"73":{"loc":{"start":{"line":1,"column":8164},"end":{"line":1,"column":8466}},"type":"if","locations":[{"start":{"line":1,"column":8164},"end":{"line":1,"column":8466}},{"start":{"line":1,"column":8164},"end":{"line":1,"column":8466}}],"line":1},"74":{"loc":{"start":{"line":1,"column":8265},"end":{"line":1,"column":8328}},"type":"if","locations":[{"start":{"line":1,"column":8265},"end":{"line":1,"column":8328}},{"start":{"line":1,"column":8265},"end":{"line":1,"column":8328}}],"line":1},"75":{"loc":{"start":{"line":1,"column":8532},"end":{"line":1,"column":9039}},"type":"if","locations":[{"start":{"line":1,"column":8532},"end":{"line":1,"column":9039}},{"start":{"line":1,"column":8532},"end":{"line":1,"column":9039}}],"line":1},"76":{"loc":{"start":{"line":1,"column":8779},"end":{"line":1,"column":9038}},"type":"if","locations":[{"start":{"line":1,"column":8779},"end":{"line":1,"column":9038}},{"start":{"line":1,"column":8779},"end":{"line":1,"column":9038}}],"line":1},"77":{"loc":{"start":{"line":1,"column":9039},"end":{"line":1,"column":9113}},"type":"if","locations":[{"start":{"line":1,"column":9039},"end":{"line":1,"column":9113}},{"start":{"line":1,"column":9039},"end":{"line":1,"column":9113}}],"line":1},"78":{"loc":{"start":{"line":1,"column":9136},"end":{"line":1,"column":9512}},"type":"if","locations":[{"start":{"line":1,"column":9136},"end":{"line":1,"column":9512}},{"start":{"line":1,"column":9136},"end":{"line":1,"column":9512}}],"line":1},"79":{"loc":{"start":{"line":1,"column":9144},"end":{"line":1,"column":9511}},"type":"if","locations":[{"start":{"line":1,"column":9144},"end":{"line":1,"column":9511}},{"start":{"line":1,"column":9144},"end":{"line":1,"column":9511}}],"line":1},"80":{"loc":{"start":{"line":1,"column":9167},"end":{"line":1,"column":9375}},"type":"if","locations":[{"start":{"line":1,"column":9167},"end":{"line":1,"column":9375}},{"start":{"line":1,"column":9167},"end":{"line":1,"column":9375}}],"line":1},"81":{"loc":{"start":{"line":1,"column":9512},"end":{"line":1,"column":9616}},"type":"if","locations":[{"start":{"line":1,"column":9512},"end":{"line":1,"column":9616}},{"start":{"line":1,"column":9512},"end":{"line":1,"column":9616}}],"line":1},"82":{"loc":{"start":{"line":1,"column":9616},"end":{"line":1,"column":9803}},"type":"if","locations":[{"start":{"line":1,"column":9616},"end":{"line":1,"column":9803}},{"start":{"line":1,"column":9616},"end":{"line":1,"column":9803}}],"line":1},"83":{"loc":{"start":{"line":1,"column":9819},"end":{"line":1,"column":9843}},"type":"if","locations":[{"start":{"line":1,"column":9819},"end":{"line":1,"column":9843}},{"start":{"line":1,"column":9819},"end":{"line":1,"column":9843}}],"line":1},"84":{"loc":{"start":{"line":1,"column":9891},"end":{"line":1,"column":9982}},"type":"if","locations":[{"start":{"line":1,"column":9891},"end":{"line":1,"column":9982}},{"start":{"line":1,"column":9891},"end":{"line":1,"column":9982}}],"line":1},"85":{"loc":{"start":{"line":1,"column":10590},"end":{"line":1,"column":10758}},"type":"if","locations":[{"start":{"line":1,"column":10590},"end":{"line":1,"column":10758}},{"start":{"line":1,"column":10590},"end":{"line":1,"column":10758}}],"line":1},"86":{"loc":{"start":{"line":1,"column":10649},"end":{"line":1,"column":10757}},"type":"if","locations":[{"start":{"line":1,"column":10649},"end":{"line":1,"column":10757}},{"start":{"line":1,"column":10649},"end":{"line":1,"column":10757}}],"line":1},"87":{"loc":{"start":{"line":1,"column":10766},"end":{"line":1,"column":10798}},"type":"binary-expr","locations":[{"start":{"line":1,"column":10766},"end":{"line":1,"column":10767}},{"start":{"line":1,"column":10771},"end":{"line":1,"column":10798}}],"line":1},"88":{"loc":{"start":{"line":1,"column":10913},"end":{"line":1,"column":11459}},"type":"switch","locations":[{"start":{"line":1,"column":10935},"end":{"line":1,"column":11139}},{"start":{"line":1,"column":11139},"end":{"line":1,"column":11146}},{"start":{"line":1,"column":11146},"end":{"line":1,"column":11458}}],"line":1},"89":{"loc":{"start":{"line":1,"column":10942},"end":{"line":1,"column":10976}},"type":"if","locations":[{"start":{"line":1,"column":10942},"end":{"line":1,"column":10976}},{"start":{"line":1,"column":10942},"end":{"line":1,"column":10976}}],"line":1},"90":{"loc":{"start":{"line":1,"column":10976},"end":{"line":1,"column":11133}},"type":"if","locations":[{"start":{"line":1,"column":10976},"end":{"line":1,"column":11133}},{"start":{"line":1,"column":10976},"end":{"line":1,"column":11133}}],"line":1},"91":{"loc":{"start":{"line":1,"column":11010},"end":{"line":1,"column":11061}},"type":"if","locations":[{"start":{"line":1,"column":11010},"end":{"line":1,"column":11061}},{"start":{"line":1,"column":11010},"end":{"line":1,"column":11061}}],"line":1},"92":{"loc":{"start":{"line":1,"column":11153},"end":{"line":1,"column":11452}},"type":"if","locations":[{"start":{"line":1,"column":11153},"end":{"line":1,"column":11452}},{"start":{"line":1,"column":11153},"end":{"line":1,"column":11452}}],"line":1},"93":{"loc":{"start":{"line":1,"column":11205},"end":{"line":1,"column":11451}},"type":"if","locations":[{"start":{"line":1,"column":11205},"end":{"line":1,"column":11451}},{"start":{"line":1,"column":11205},"end":{"line":1,"column":11451}}],"line":1},"94":{"loc":{"start":{"line":1,"column":11314},"end":{"line":1,"column":11402}},"type":"if","locations":[{"start":{"line":1,"column":11314},"end":{"line":1,"column":11402}},{"start":{"line":1,"column":11314},"end":{"line":1,"column":11402}}],"line":1},"95":{"loc":{"start":{"line":1,"column":11409},"end":{"line":1,"column":11450}},"type":"if","locations":[{"start":{"line":1,"column":11409},"end":{"line":1,"column":11450}},{"start":{"line":1,"column":11409},"end":{"line":1,"column":11450}}],"line":1},"96":{"loc":{"start":{"line":1,"column":11521},"end":{"line":1,"column":11539}},"type":"if","locations":[{"start":{"line":1,"column":11521},"end":{"line":1,"column":11539}},{"start":{"line":1,"column":11521},"end":{"line":1,"column":11539}}],"line":1},"97":{"loc":{"start":{"line":1,"column":11570},"end":{"line":1,"column":11599}},"type":"cond-expr","locations":[{"start":{"line":1,"column":11575},"end":{"line":1,"column":11594}},{"start":{"line":1,"column":11597},"end":{"line":1,"column":11599}}],"line":1},"98":{"loc":{"start":{"line":1,"column":11623},"end":{"line":1,"column":11767}},"type":"if","locations":[{"start":{"line":1,"column":11623},"end":{"line":1,"column":11767}},{"start":{"line":1,"column":11623},"end":{"line":1,"column":11767}}],"line":1},"99":{"loc":{"start":{"line":1,"column":11822},"end":{"line":1,"column":11863}},"type":"binary-expr","locations":[{"start":{"line":1,"column":11823},"end":{"line":1,"column":11841}},{"start":{"line":1,"column":11846},"end":{"line":1,"column":11863}}],"line":1},"100":{"loc":{"start":{"line":1,"column":11934},"end":{"line":1,"column":11988}},"type":"if","locations":[{"start":{"line":1,"column":11934},"end":{"line":1,"column":11988}},{"start":{"line":1,"column":11934},"end":{"line":1,"column":11988}}],"line":1},"101":{"loc":{"start":{"line":1,"column":12054},"end":{"line":1,"column":12082}},"type":"binary-expr","locations":[{"start":{"line":1,"column":12054},"end":{"line":1,"column":12077}},{"start":{"line":1,"column":12081},"end":{"line":1,"column":12082}}],"line":1},"102":{"loc":{"start":{"line":1,"column":12170},"end":{"line":1,"column":12234}},"type":"if","locations":[{"start":{"line":1,"column":12170},"end":{"line":1,"column":12234}},{"start":{"line":1,"column":12170},"end":{"line":1,"column":12234}}],"line":1},"103":{"loc":{"start":{"line":1,"column":12548},"end":{"line":1,"column":12627}},"type":"if","locations":[{"start":{"line":1,"column":12548},"end":{"line":1,"column":12627}},{"start":{"line":1,"column":12548},"end":{"line":1,"column":12627}}],"line":1},"104":{"loc":{"start":{"line":1,"column":12719},"end":{"line":1,"column":12748}},"type":"binary-expr","locations":[{"start":{"line":1,"column":12719},"end":{"line":1,"column":12729}},{"start":{"line":1,"column":12733},"end":{"line":1,"column":12748}}],"line":1},"105":{"loc":{"start":{"line":1,"column":12865},"end":{"line":1,"column":12881}},"type":"binary-expr","locations":[{"start":{"line":1,"column":12865},"end":{"line":1,"column":12875}},{"start":{"line":1,"column":12879},"end":{"line":1,"column":12881}}],"line":1},"106":{"loc":{"start":{"line":1,"column":12905},"end":{"line":1,"column":12919}},"type":"binary-expr","locations":[{"start":{"line":1,"column":12905},"end":{"line":1,"column":12913}},{"start":{"line":1,"column":12917},"end":{"line":1,"column":12919}}],"line":1},"107":{"loc":{"start":{"line":1,"column":12970},"end":{"line":1,"column":13329}},"type":"if","locations":[{"start":{"line":1,"column":12970},"end":{"line":1,"column":13329}},{"start":{"line":1,"column":12970},"end":{"line":1,"column":13329}}],"line":1},"108":{"loc":{"start":{"line":1,"column":12974},"end":{"line":1,"column":13019}},"type":"binary-expr","loc
[...]
":{"start":{"line":255,"column":35},"end":{"line":255,"column":36}},"loc":{"start":{"line":255,"column":62},"end":{"line":292,"column":7}},"line":255},"31":{"name":"(anonymous_31)","decl":{"start":{"line":256,"column":27},"end":{"line":256,"column":28}},"loc":{"start":{"line":256,"column":39},"end":{"line":291,"column":9}},"line":256},"32":{"name":"canvasCreate","decl":{"start":{"line":297,"column":20},"end":{"line":297,"column":32}},"loc":{"start":{"line":297,"column":35},"end":{"line":303,"column":5}},"line":297},"33":{"name":"dataURLtoBlob","decl":{"start":{"line":307,"column":20},"end":{"line":307,"column":33}},"loc":{"start":{"line":307,"column":43},"end":{"line":320,"column":5}},"line":307},"34":{"name":"arrayBufferToBlob","decl":{"start":{"line":324,"column":20},"end":{"line":324,"column":37}},"loc":{"start":{"line":324,"column":52},"end":{"line":340,"column":5}},"line":324},"35":{"name":"(anonymous_35)","decl":{"start":{"line":349,"column":18},"end":{"line":349,"column":19}},"loc":{"start":{"line":349,"column":60},"end":{"line":383,"column":1}},"line":349},"36":{"name":"(anonymous_36)","decl":{"start":{"line":351,"column":31},"end":{"line":351,"column":32}},"loc":{"start":{"line":351,"column":58},"end":{"line":382,"column":3}},"line":351},"37":{"name":"start","decl":{"start":{"line":364,"column":13},"end":{"line":364,"column":18}},"loc":{"start":{"line":364,"column":21},"end":{"line":381,"column":5}},"line":364},"38":{"name":"(anonymous_38)","decl":{"start":{"line":368,"column":20},"end":{"line":368,"column":21}},"loc":{"start":{"line":368,"column":43},"end":{"line":371,"column":9}},"line":368},"39":{"name":"subscribe","decl":{"start":{"line":387,"column":22},"end":{"line":387,"column":31}},"loc":{"start":{"line":387,"column":43},"end":{"line":390,"column":3}},"line":387},"40":{"name":"publish","decl":{"start":{"line":391,"column":20},"end":{"line":391,"column":27}},"loc":{"start":{"line":391,"column":49},"end":{"line":393,"column":3}},"line":391}},"branchMap":{"0":{"loc":{"start":{"line":1,"column":412},"end":{"line":1,"column":458}},"type":"cond-expr","locations":[{"start":{"line":1,"column":436},"end":{"line":1,"column":439}},{"start":{"line":1,"column":442},"end":{"line":1,"column":458}}],"line":1},"1":{"loc":{"start":{"line":1,"column":412},"end":{"line":1,"column":433}},"type":"binary-expr","locations":[{"start":{"line":1,"column":412},"end":{"line":1,"column":415}},{"start":{"line":1,"column":419},"end":{"line":1,"column":433}}],"line":1},"2":{"loc":{"start":{"line":9,"column":30},"end":{"line":9,"column":60}},"type":"binary-expr","locations":[{"start":{"line":9,"column":30},"end":{"line":9,"column":51}},{"start":{"line":9,"column":55},"end":{"line":9,"column":60}}],"line":9},"3":{"loc":{"start":{"line":11,"column":6},"end":{"line":11,"column":60}},"type":"if","locations":[{"start":{"line":11,"column":6},"end":{"line":11,"column":60}},{"start":{"line":11,"column":6},"end":{"line":11,"column":60}}],"line":11},"4":{"loc":{"start":{"line":16,"column":4},"end":{"line":16,"column":72}},"type":"if","locations":[{"start":{"line":16,"column":4},"end":{"line":16,"column":72}},{"start":{"line":16,"column":4},"end":{"line":16,"column":72}}],"line":16},"5":{"loc":{"start":{"line":17,"column":4},"end":{"line":17,"column":64}},"type":"if","locations":[{"start":{"line":17,"column":4},"end":{"line":17,"column":64}},{"start":{"line":17,"column":4},"end":{"line":17,"column":64}}],"line":17},"6":{"loc":{"start":{"line":23,"column":2},"end":{"line":25,"column":3}},"type":"if","locations":[{"start":{"line":23,"column":2},"end":{"line":25,"column":3}},{"start":{"line":23,"column":2},"end":{"line":25,"column":3}}],"line":23},"7":{"loc":{"start":{"line":46,"column":6},"end":{"line":50,"column":7}},"type":"if","locations":[{"start":{"line":46,"column":6},"end":{"line":50,"column":7}},{"start":{"line":46,"column":6},"end":{"line":50,"column":7}}],"line":46},"8":{"loc":{"start":{"line":68,"column":6},"end":{"line":70,"column":7}},"type":"if","locations":[{"start":{"line":68,"column":6},"end":{"line":70,"column":7}},{"start":{"line":68,"column":6},"end":{"line":70,"column":7}}],"line":68},"9":{"loc":{"start":{"line":68,"column":10},"end":{"line":68,"column":71}},"type":"binary-expr","locations":[{"start":{"line":68,"column":10},"end":{"line":68,"column":38}},{"start":{"line":68,"column":42},"end":{"line":68,"column":71}}],"line":68},"10":{"loc":{"start":{"line":72,"column":8},"end":{"line":77,"column":9}},"type":"if","locations":[{"start":{"line":72,"column":8},"end":{"line":77,"column":9}},{"start":{"line":72,"column":8},"end":{"line":77,"column":9}}],"line":72},"11":{"loc":{"start":{"line":73,"column":8},"end":{"line":74,"column":38}},"type":"binary-expr","locations":[{"start":{"line":73,"column":8},"end":{"line":73,"column":44}},{"start":{"line":74,"column":8},"end":{"line":74,"column":38}}],"line":73},"12":{"loc":{"start":{"line":98,"column":8},"end":{"line":98,"column":21}},"type":"binary-expr","locations":[{"start":{"line":98,"column":8},"end":{"line":98,"column":10}},{"start":{"line":98,"column":14},"end":{"line":98,"column":21}}],"line":98},"13":{"loc":{"start":{"line":104,"column":10},"end":{"line":119,"column":11}},"type":"if","locations":[{"start":{"line":104,"column":10},"end":{"line":119,"column":11}},{"start":{"line":104,"column":10},"end":{"line":119,"column":11}}],"line":104},"14":{"loc":{"start":{"line":104,"column":14},"end":{"line":104,"column":68}},"type":"binary-expr","locations":[{"start":{"line":104,"column":14},"end":{"line":104,"column":40}},{"start":{"line":104,"column":44},"end":{"line":104,"column":68}}],"line":104},"15":{"loc":{"start":{"line":106,"column":12},"end":{"line":113,"column":13}},"type":"if","locations":[{"start":{"line":106,"column":12},"end":{"line":113,"column":13}},{"start":{"line":106,"column":12},"end":{"line":113,"column":13}}],"line":106},"16":{"loc":{"start":{"line":116,"column":17},"end":{"line":119,"column":11}},"type":"if","locations":[{"start":{"line":116,"column":17},"end":{"line":119,"column":11}},{"start":{"line":116,"column":17},"end":{"line":119,"column":11}}],"line":116},"17":{"loc":{"start":{"line":116,"column":21},"end":{"line":116,"column":66}},"type":"binary-expr","locations":[{"start":{"line":116,"column":21},"end":{"line":116,"column":38}},{"start":{"line":116,"column":42},"end":{"line":116,"column":66}}],"line":116},"18":{"loc":{"start":{"line":118,"column":12},"end":{"line":118,"column":25}},"type":"binary-expr","locations":[{"start":{"line":118,"column":12},"end":{"line":118,"column":14}},{"start":{"line":118,"column":18},"end":{"line":118,"column":25}}],"line":118},"19":{"loc":{"start":{"line":122,"column":10},"end":{"line":122,"column":23}},"type":"binary-expr","locations":[{"start":{"line":122,"column":10},"end":{"line":122,"column":12}},{"start":{"line":122,"column":16},"end":{"line":122,"column":23}}],"line":122},"20":{"loc":{"start":{"line":129,"column":8},"end":{"line":129,"column":65}},"type":"binary-expr","locations":[{"start":{"line":129,"column":8},"end":{"line":129,"column":30}},{"start":{"line":129,"column":34},"end":{"line":129,"column":65}}],"line":129},"21":{"loc":{"start":{"line":141,"column":8},"end":{"line":141,"column":72}},"type":"binary-expr","locations":[{"start":{"line":141,"column":8},"end":{"line":141,"column":27}},{"start":{"line":141,"column":31},"end":{"line":141,"column":72}}],"line":141},"22":{"loc":{"start":{"line":164,"column":17},"end":{"line":164,"column":59}},"type":"binary-expr","locations":[{"start":{"line":164,"column":17},"end":{"line":164,"column":38}},{"start":{"line":164,"column":42},"end":{"line":164,"column":59}}],"line":164},"23":{"loc":{"start":{"line":165,"column":6},"end":{"line":167,"column":7}},"type":"if","locations":[{"start":{"line":165,"column":6},"end":{"line":167,"column":7}},{"start":{"line":165,"column":6},"end":{"line":167,"column":7}}],"line":165},"24":{"loc":{"start":{"line":182,"column":6},"end":{"line":188,"column":7}},"type":"if","locations":[{"start":{"line":182,"column":6},"end":{"line":188,"column":7}},{"start":{"line":182,"column":6},"end":{"line":188,"column":7}}],"line":182},"25":{"loc":{"start":{"line":208,"column":15},"end":{"line":208,"column":79}},"type":"cond-expr","locations":[{"start":{"line":208,"column":55},"end":{"line":208,"column":64}},{"start":{"line":208,"column":67},"end":{"line":208,"column":79}}],"line":208},"26":{"loc":{"start":{"line":260,"column":10},"end":{"line":289,"column":11}},"type":"if","locations":[{"start":{"line":260,"column":10},"end":{"line":289,"column":11}},{"start":{"line":260,"column":10},"end":{"line":289,"column":11}}],"line":260},"27":{"loc":{"start":{"line":260,"column":14},"end":{"line":260,"column":46}},"type":"binary-expr","locations":[{"start":{"line":260,"column":14},"end":{"line":260,"column":25}},{"start":{"line":260,"column":29},"end":{"line":260,"column":46}}],"line":260},"28":{"loc":{"start":{"line":261,"column":12},"end":{"line":287,"column":31}},"type":"switch","locations":[{"start":{"line":262,"column":14},"end":{"line":268,"column":22}},{"start":{"line":269,"column":14},"end":{"line":276,"column":22}},{"start":{"line":277,"column":14},"end":{"line":281,"column":22}},{"start":{"line":282,"column":14},"end":{"line":285,"column":22}},{"start":{"line":286,"column":14},"end":{"line":287,"column":30}}],"line":261},"29":{"loc":{"start":{"line":327,"column":22},"end":{"line":327,"column":68}},"type":"binary-expr","locations":[{"start":{"line":327,"column":22},"end":{"line":327,"column":40}},{"start":{"line":327,"column":44},"end":{"line":327,"column":68}}],"line":327},"30":{"loc":{"start":{"line":329,"column":8},"end":{"line":333,"column":9}},"type":"if","locations":[{"start":{"line":329,"column":8},"end":{"line":333,"column":9}},{"start":{"line":329,"column":8},"end":{"line":333,"column":9}}],"line":329},"31":{"loc":{"start":{"line":335,"column":34},"end":{"line":335,"column":60}},"type":"cond-expr","locations":[{"start":{"line":335,"column":41},"end":{"line":335,"column":55}},{"start":{"line":335,"column":58},"end":{"line":335,"column":60}}],"line":335},"32":{"loc":{"start":{"line":367,"column":6},"end":{"line":373,"column":7}},"type":"if","locations":[{"start":{"line":367,"column":6},"end":{"line":373,"column":7}},{"start":{"line":367,"column":6},"end":{"line":373,"column":7}}],"line":367},"33":{"loc":{"start":{"line":369,"column":18},"end":{"line":369,"column":44}},"type":"cond-expr","locations":[{"start":{"line":369,"column":29},"end":{"line":369,"column":30}},{"start":{"line":369,"column":33},"end":{"line":369,"column":44}}],"line":369}},"s":{"0":0,"1":0,"2":0,"3":0,"4":0,"5":0,"6":0,"7":0,"8":0,"9":0,"10":0,"11":0,"12":0,"13":0,"14":0,"15":0,"16":0,"17":0,"18":0,"19":0,"20":0,"21":0,"22":0,"23":0,"24":0,"25":0,"26":0,"27":0,"28":0,"29":0,"30":0,"31":0,"32":0,"33":0,"34":0,"35":0,"36":0,"37":0,"38":0,"39":0,"40":0,"41":0,"42":0,"43":0,"44":0,"45":0,"46":0,"47":0,"48":0,"49":0,"50":0,"51":0,"52":0,"53":0,"54":0,"55":0,"56":0,"57":0,"58":0,"59":0,"60":0,"61":0,"62":0,"63":0,"64":0,"65":0,"66":0,"67":0,"68":0,"69":0,"70":0,"71":0,"72":0,"73":0,"74":0,"75":0,"76":0,"77":0,"78":0,"79":0,"80":0,"81":0,"82":0,"83":0,"84":0,"85":0,"86":0,"87":0,"88":0,"89":0,"90":0,"91":0,"92":0,"93":0,"94":0,"95":0,"96":0,"97":0,"98":0,"99":0,"100":0,"101":0,"102":0,"103":0,"104":0,"105":0,"106":0,"107":0,"108":0,"109":0,"110":0,"111":0,"112":0,"113":0,"114":0,"115":0,"116":0,"117":0,"118":0,"119":0,"120":0,"121":0,"122":0,"123":0,"124":0,"125":0,"126":0,"127":0,"128":0,"129":0,"130":0,"131":0,"132":0,"133":0,"134":0,"135":0,"136":0,"137":0,"138":0,"139":0,"140":0,"141":0,"142":0,"143":0,"144":0,"145":0,"146":0,"147":0,"148":0,"149":0,"150":0,"151":0,"152":0,"153":0,"154":0,"155":0,"156":0,"157":0,"158":0,"159":0,"160":0,"161":0,"162":0,"163":0,"164":0,"165":0,"166":0,"167":0,"168":0,"169":0,"170":0,"171":0,"172":0,"173":0,"174":0,"175":0,"176":0,"177":0,"178":0,"179":0,"180":0,"181":0,"182":0,"183":0,"184":0,"185":0,"186":0,"187":0,"188":0,"189":0,"190":0,"191":0,"192":0,"193":0,"194":0,"195":0,"196":0,"197":0,"198":0,"199":0,"200":0,"201":0,"202":0,"203":0,"204":0,"205":0,"206":0},"f":{"0":0,"1":0,"2":0,"3":0,"4":0,"5":0,"6":0,"7":0,"8":0,"9":0,"10":0,"11":0,"12":0,"13":0,"14":0,"15":0,"16":0,"17":0,"18":0,"19":0,"20":0,"21":0,"22":0,"23":0,"24":0,"25":0,"26":0,"27":0,"28":0,"29":0,"30":0,"31":0,"32":0,"33":0,"34":0,"35":0,"36":0,"37":0,"38":0,"39":0,"40":0},"b":{"0":[0,0],"1":[0,0],"2":[0,0],"3":[0,0],"4":[0,0],"5":[0,0],"6":[0,0],"7":[0,0],"8":[0,0],"9":[0,0],"10":[0,0],"11":[0,0],"12":[0,0],"13":[0,0],"14":[0,0],"15":[0,0],"16":[0,0],"17":[0,0],"18":[0,0],"19":[0,0],"20":[0,0],"21":[0,0],"22":[0,0],"23":[0,0],"24":[0,0],"25":[0,0],"26":[0,0],"27":[0,0],"28":[0,0,0,0,0],"29":[0,0],"30":[0,0],"31":[0,0],"32":[0,0],"33":[0,0]}}
,"/Users/weichangbin/Desktop/D/github/vupload/src/container/App.vue": {"path":"/Users/weichangbin/Desktop/D/github/vupload/src/container/App.vue","statementMap":{"0":{"start":{"line":1,"column":1},"end":{"line":60,"column":4}},"1":{"start":{"line":4,"column":0},"end":{"line":6,"column":3}},"2":{"start":{"line":8,"column":14},"end":{"line":8,"column":39}},"3":{"start":{"line":10,"column":15},"end":{"line":10,"column":46}},"4":{"start":{"line":12,"column":18},"end":{"line":12,"column":57}},"5":{"start":{"line":14,"column":19},"end":{"line":14,"column":54}},"6":{"start":{"line":16,"column":15},"end":{"line":16,"column":50}},"7":{"start":{"line":18,"column":15},"end":{"line":18,"column":47}},"8":{"start":{"line":20,"column":39},"end":{"line":20,"column":93}},"9":{"start":{"line":22,"column":0},"end":{"line":59,"column":2}},"10":{"start":{"line":24,"column":4},"end":{"line":29,"column":6}},"11":{"start":{"line":39,"column":6},"end":{"line":39,"column":40}},"12":{"start":{"line":42,"column":6},"end":{"line":42,"column":58}},"13":{"start":{"line":45,"column":6},"end":{"line":45,"column":21}},"14":{"start":{"line":48,"column":6},"end":{"line":50,"column":9}},"15":{"start":{"line":49,"column":8},"end":{"line":49,"column":28}},"16":{"start":{"line":51,"column":6},"end":{"line":53,"column":9}},"17":{"start":{"line":52,"column":8},"end":{"line":52,"column":28}},"18":{"start":{"line":56,"column":6},"end":{"line":56,"column":23}},"19":{"start":{"line":61,"column":0},"end":{"line":61,"column":70}},"20":{"start":{"line":61,"column":31},"end":{"line":61,"column":70}},"21":{"start":{"line":62,"column":24},"end":{"line":62,"column":100}},"22":{"start":{"line":63,"column":0},"end":{"line":63,"column":480}},"23":{"start":{"line":63,"column":54},"end":{"line":63,"column":58}},"24":{"start":{"line":63,"column":66},"end":{"line":63,"column":84}},"25":{"start":{"line":63,"column":92},"end":{"line":63,"column":108}},"26":{"start":{"line":63,"column":109},"end":{"line":63,"column":479}},"27":{"start":{"line":64,"column":0},"end":{"line":64,"column":37}}},"fnMap":{"0":{"name":"(anonymous_0)","decl":{"start":{"line":1,"column":2},"end":{"line":1,"column":3}},"loc":{"start":{"line":1,"column":12},"end":{"line":60,"column":1}},"line":1},"1":{"name":"_interopRequireDefault","decl":{"start":{"line":20,"column":9},"end":{"line":20,"column":31}},"loc":{"start":{"line":20,"column":37},"end":{"line":20,"column":95}},"line":20},"2":{"name":"data","decl":{"start":{"line":23,"column":17},"end":{"line":23,"column":21}},"loc":{"start":{"line":23,"column":24},"end":{"line":30,"column":3}},"line":23},"3":{"name":"onStart","decl":{"start":{"line":38,"column":22},"end":{"line":38,"column":29}},"loc":{"start":{"line":38,"column":38},"end":{"line":40,"column":5}},"line":38},"4":{"name":"onSuccess","decl":{"start":{"line":41,"column":24},"end":{"line":41,"column":33}},"loc":{"start":{"line":41,"column":41},"end":{"line":43,"column":5}},"line":41},"5":{"name":"onError","decl":{"start":{"line":44,"column":22},"end":{"line":44,"column":29}},"loc":{"start":{"line":44,"column":33},"end":{"line":46,"column":5}},"line":44},"6":{"name":"onDel","decl":{"start":{"line":47,"column":20},"end":{"line":47,"column":25}},"loc":{"start":{"line":47,"column":33},"end":{"line":54,"column":5}},"line":47},"7":{"name":"(anonymous_7)","decl":{"start":{"line":48,"column":55},"end":{"line":48,"column":56}},"loc":{"start":{"line":48,"column":76},"end":{"line":50,"column":7}},"line":48},"8":{"name":"(anonymous_8)","decl":{"start":{"line":51,"column":57},"end":{"line":51,"column":58}},"loc":{"start":{"line":51,"column":78},"end":{"line":53,"column":7}},"line":51},"9":{"name":"onProgress","decl":{"start":{"line":55,"column":25},"end":{"line":55,"column":35}},"loc":{"start":{"line":55,"column":41},"end":{"line":57,"column":5}},"line":55},"10":{"name":"render","decl":{"start":{"line":63,"column":35},"end":{"line":63,"column":41}},"loc":{"start":{"line":63,"column":45},"end":{"line":63,"column":480}},"line":63}},"branchMap":{"0":{"loc":{"start":{"line":20,"column":46},"end":{"line":20,"column":92}},"type":"cond-expr","locations":[{"start":{"line":20,"column":70},"end":{"line":20,"column":73}},{"start":{"line":20,"column":76},"end":{"line":20,"column":92}}],"line":20},"1":{"loc":{"start":{"line":20,"column":46},"end":{"line":20,"column":67}},"type":"binary-expr","locations":[{"start":{"line":20,"column":46},"end":{"line":20,"column":49}},{"start":{"line":20,"column":53},"end":{"line":20,"column":67}}],"line":20},"2":{"loc":{"start":{"line":61,"column":0},"end":{"line":61,"column":70}},"type":"if","locations":[{"start":{"line":61,"column":0},"end":{"line":61,"column":70}},{"start":{"line":61,"column":0},"end":{"line":61,"column":70}}],"line":61},"3":{"loc":{"start":{"line":62,"column":24},"end":{"line":62,"column":100}},"type":"cond-expr","locations":[{"start":{"line":62,"column":62},"end":{"line":62,"column":84}},{"start":{"line":62,"column":86},"end":{"line":62,"column":100}}],"line":62},"4":{"loc":{"start":{"line":63,"column":92},"end":{"line":63,"column":108}},"type":"binary-expr","locations":[{"start":{"line":63,"column":92},"end":{"line":63,"column":104}},{"start":{"line":63,"column":106},"end":{"line":63,"column":108}}],"line":63}},"s":{"0":0,"1":0,"2":0,"3":0,"4":0,"5":0,"6":0,"7":0,"8":0,"9":0,"10":0,"11":0,"12":0,"13":0,"14":0,"15":0,"16":0,"17":0,"18":0,"19":0,"20":0,"21":0,"22":0,"23":0,"24":0,"25":0,"26":0,"27":0},"f":{"0":0,"1":0,"2":0,"3":0,"4":0,"5":0,"6":0,"7":0,"8":0,"9":0,"10":0},"b":{"0":[0,0],"1":[0,0],"2":[0,0],"3":[0,0],"4":[0,0]}}
,"/Users/weichangbin/Desktop/D/github/vupload/src/container/main.js": {"path":"/Users/weichangbin/Desktop/D/github/vupload/src/container/main.js","statementMap":{"0":{"start":{"line":2,"column":11},"end":{"line":2,"column":25}},"1":{"start":{"line":2,"column":38},"end":{"line":2,"column":66}},"2":{"start":{"line":3,"column":11},"end":{"line":3,"column":27}},"3":{"start":{"line":3,"column":40},"end":{"line":3,"column":68}},"4":{"start":{"line":3,"column":107},"end":{"line":3,"column":161}},"5":{"start":{"line":5,"column":0},"end":{"line":7,"column":15}},"6":{"start":{"line":6,"column":30},"end":{"line":6,"column":54}}},"fnMap":{"0":{"name":"_interopRequireDefault","decl":{"start":{"line":3,"column":78},"end":{"line":3,"column":100}},"loc":{"start":{"line":3,"column":106},"end":{"line":3,"column":162}},"line":3},"1":{"name":"render","decl":{"start":{"line":6,"column":19},"end":{"line":6,"column":25}},"loc":{"start":{"line":6,"column":29},"end":{"line":6,"column":55}},"line":6}},"branchMap":{"0":{"loc":{"start":{"line":3,"column":114},"end":{"line":3,"column":160}},"type":"cond-expr","locations":[{"start":{"line":3,"column":138},"end":{"line":3,"column":141}},{"start":{"line":3,"column":144},"end":{"line":3,"column":160}}],"line":3},"1":{"loc":{"start":{"line":3,"column":114},"end":{"line":3,"column":135}},"type":"binary-expr","locations":[{"start":{"line":3,"column":114},"end":{"line":3,"column":117}},{"start":{"line":3,"column":121},"end":{"line":3,"column":135}}],"line":3}},"s":{"0":0,"1":0,"2":0,"3":0,"4":0,"5":0,"6":0},"f":{"0":0,"1":0},"b":{"0":[0,0],"1":[0,0]}}
}
